#
# A fatal error has been detected by the Java Runtime Environment:
#
#  EXCEPTION_ACCESS_VIOLATION (0xc0000005) at pc=0x00007ffffa714e1b, pid=26116, tid=28616
#
# JRE version: OpenJDK Runtime Environment (14.0.2+12) (build 14.0.2+12-46)
# Java VM: OpenJDK 64-Bit Server VM (14.0.2+12-46, mixed mode, tiered, compressed oops, g1 gc, windows-amd64)
# Problematic frame:
# V  [jvm.dll+0x674e1b]
#
# No core dump will be written. Minidumps are not enabled by default on client versions of Windows
#
# If you would like to submit a bug report, please visit:
#   https://bugreport.java.com/bugreport/crash.jsp
#

---------------  S U M M A R Y ------------

Command Line: -XX:+ShowCodeDetailsInExceptionMessages -agentlib:jdwp=transport=dt_socket,suspend=y,address=localhost:64725 -ea -Dfile.encoding=Cp1252 org.testng.remote.RemoteTestNG -serport 64723 -protocol json -d C:\Users\ukollu\eclipse-workspace\i4_FrontDesk\test-output C:\Users\ukollu\AppData\Local\Temp\testng-eclipse-1423123502\testng-customsuite.xml

Host: Intel(R) Xeon(R) Gold 5118 CPU @ 2.30GHz, 2 cores, 7G,  Windows 10 , 64 bit Build 19041 (10.0.19041.662)
Time: Mon Mar 15 13:33:16 2021 Eastern Daylight Time elapsed time: 76958 seconds (0d 21h 22m 38s)

---------------  T H R E A D  ---------------

Current thread (0x00000249ab441800):  JavaThread "JDWP Transport Listener: dt_socket" daemon [_thread_in_vm, id=28616, stack(0x000000cea0300000,0x000000cea0400000)] _threads_hazard_ptr=0x00000249abf92910

Stack: [0x000000cea0300000,0x000000cea0400000],  sp=0x000000cea03fe5d0,  free space=1017k
Native frames: (J=compiled Java code, j=interpreted, Vv=VM code, C=native code)
V  [jvm.dll+0x674e1b]
V  [jvm.dll+0x2ef343]
V  [jvm.dll+0x2f1005]
V  [jvm.dll+0x2f18fe]
V  [jvm.dll+0x2ef19c]
V  [jvm.dll+0x2ee3d2]
V  [jvm.dll+0x5e7b55]
V  [jvm.dll+0x5e78dd]
V  [jvm.dll+0x5af8e3]
V  [jvm.dll+0x739aef]
V  [jvm.dll+0x4bee61]
V  [jvm.dll+0x74908b]
V  [jvm.dll+0x4a54ee]
V  [jvm.dll+0x46ee7b]
C  [jdwp.dll+0x751f]


siginfo: EXCEPTION_ACCESS_VIOLATION (0xc0000005), reading address 0x0000000000000006


Register to memory mapping:

RIP=0x00007ffffa714e1b jvm.dll
RAX=0x000000cea03fe660 is pointing into the stack for thread: 0x00000249ab441800
RBX=0x000000cea03fe630 is pointing into the stack for thread: 0x00000249ab441800
RCX=0x0 is NULL
RDX=0x0 is NULL
RSP=0x000000cea03fe5d0 is pointing into the stack for thread: 0x00000249ab441800
RBP=0x000000cea03feb70 is pointing into the stack for thread: 0x00000249ab441800
RSI=0x0 is NULL
RDI=0x0 is NULL
R8 =0x0 is NULL
R9 =0x00000249ac3591b0 is pointing into metadata
R10=0x00007ffffa0a0000 jvm.dll
R11=0x000000cea03fea90 is pointing into the stack for thread: 0x00000249ab441800
R12=0x00000249abfdc438 points into unknown readable memory: 00 23 9b 86 d6 01 00 00
R13=0x00000000000000c8 is an unknown value
R14=0x00000249ac35acaa is pointing into metadata
R15=0x0000000000000296 is an unknown value


Registers:
RAX=0x000000cea03fe660, RBX=0x000000cea03fe630, RCX=0x0000000000000000, RDX=0x0000000000000000
RSP=0x000000cea03fe5d0, RBP=0x000000cea03feb70, RSI=0x0000000000000000, RDI=0x0000000000000000
R8 =0x0000000000000000, R9 =0x00000249ac3591b0, R10=0x00007ffffa0a0000, R11=0x000000cea03fea90
R12=0x00000249abfdc438, R13=0x00000000000000c8, R14=0x00000249ac35acaa, R15=0x0000000000000296
RIP=0x00007ffffa714e1b, EFLAGS=0x0000000000010246

Top of Stack: (sp=0x000000cea03fe5d0)
0x000000cea03fe5d0:   000000cea03fe630 0000000000000000
0x000000cea03fe5e0:   0000000000000000 0000000000000000
0x000000cea03fe5f0:   0000000000000000 00007ffffa38f343
0x000000cea03fe600:   0000000000000000 000000cea03fece0
0x000000cea03fe610:   0000000000000000 0000000000000000
0x000000cea03fe620:   0000000000000000 0000000000000000
0x000000cea03fe630:   00007ffffa8f5730 0000000000000000
0x000000cea03fe640:   0000000000000000 000000000000000c
0x000000cea03fe650:   000000cea03fe660 0000000000000000
0x000000cea03fe660:   00000000460001e9 0000000000000000
0x000000cea03fe670:   4fffffff4fffffff 000000004fffffff
0x000000cea03fe680:   0000000000000000 0000000000000000
0x000000cea03fe690:   0000000000000000 0000000000000000
0x000000cea03fe6a0:   0000000000000000 0000000000000000
0x000000cea03fe6b0:   0000000000000000 0000000000000000
0x000000cea03fe6c0:   0000000000000000 0000000000000000 

Instructions: (pc=0x00007ffffa714e1b)
0x00007ffffa714d1b:   48 8b cb ff 50 30 ff 43 14 48 c1 ef 04 eb 86 48
0x00007ffffa714d2b:   8b 03 45 33 c0 33 d2 48 8b cb ff 50 48 ff 43 14
0x00007ffffa714d3b:   48 c1 ef 04 e9 6c ff ff ff 48 8b 03 48 8b cb ff
0x00007ffffa714d4b:   50 38 83 43 14 02 48 c1 ef 04 e9 56 ff ff ff 48
0x00007ffffa714d5b:   8b 03 48 8b cb ff 50 10 ff 43 14 48 c1 ef 04 e9
0x00007ffffa714d6b:   41 ff ff ff 48 8b 03 48 8b cb ff 50 18 83 43 14
0x00007ffffa714d7b:   02 48 c1 ef 04 e9 2b ff ff ff 48 8b 0d 14 3b 3e
0x00007ffffa714d8b:   00 48 8d 15 ed f4 22 00 e8 48 5d f8 ff 48 8b 0d
0x00007ffffa714d9b:   01 3b 3e 00 48 8d 15 f2 f4 22 00 4c 8b c6 e8 32
0x00007ffffa714dab:   5d f8 ff ba c2 00 00 00 48 8d 0d 76 f4 22 00 e8
0x00007ffffa714dbb:   91 83 b9 ff e8 2c 38 f8 ff 48 c1 ef 04 e9 e3 fe
0x00007ffffa714dcb:   ff ff 0f 1f 00 d1 4c 67 00 e2 4c 67 00 f4 4c 67
0x00007ffffa714ddb:   00 06 4d 67 00 18 4d 67 00 44 4d 67 00 5a 4d 67
0x00007ffffa714deb:   00 6f 4d 67 00 2a 4d 67 00 88 4c 67 00 cc cc cc
0x00007ffffa714dfb:   cc cc cc cc cc 40 53 48 83 ec 20 c7 41 10 00 00
0x00007ffffa714e0b:   00 00 48 8b d9 48 89 7c 24 38 48 8b 79 08 33 c9
0x00007ffffa714e1b:   80 7f 06 28 74 26 44 8d 49 28 8d 51 36 48 8d 0d
0x00007ffffa714e2b:   01 f4 22 00 4c 8d 05 ea f3 22 00 e8 95 81 b9 ff
0x00007ffffa714e3b:   e8 b0 37 f8 ff 8b 4b 10 48 8b 7b 08 8d 41 01 48
0x00007ffffa714e4b:   63 c9 89 43 10 80 7c 39 07 29 0f 84 d3 00 00 00
0x00007ffffa714e5b:   48 89 74 24 30 44 8b c0 48 8d 35 96 b1 98 ff 66
0x00007ffffa714e6b:   0f 1f 44 00 00 49 63 c8 0f be 54 39 06 83 c2 be
0x00007ffffa714e7b:   83 fa 19 77 7b 48 63 ca 0f b6 8c 0e dc 4f 67 00
0x00007ffffa714e8b:   8b 94 8e cc 4f 67 00 48 03 d6 ff e2 41 8d 40 01
0x00007ffffa714e9b:   89 43 10 eb 74 48 63 c8 ff c0 89 43 10 44 8b c0
0x00007ffffa714eab:   80 7c 39 06 3b 75 ee eb 63 0f 1f 40 00 0f 1f 84
0x00007ffffa714ebb:   00 00 00 00 00 ff c0 48 63 c8 89 43 10 0f b6 54
0x00007ffffa714ecb:   39 06 80 fa 5b 74 ee 80 fa 4c 75 1d 66 0f 1f 84
0x00007ffffa714edb:   00 00 00 00 00 48 63 c8 ff c0 89 43 10 44 8b c0
0x00007ffffa714eeb:   80 7c 39 06 3b 75 ee eb 23 ff c0 89 43 10 eb 19
0x00007ffffa714efb:   ba f1 00 00 00 48 8d 0d 29 f3 22 00 e8 44 82 b9
0x00007ffffa714f0b:   ff e8 df 36 f8 ff 8b 43 10 44 8b c0 49 63 c8 80 


Stack slot to memory mapping:
stack at sp + 0 slots: 0x000000cea03fe630 is pointing into the stack for thread: 0x00000249ab441800
stack at sp + 1 slots: 0x0 is NULL
stack at sp + 2 slots: 0x0 is NULL
stack at sp + 3 slots: 0x0 is NULL
stack at sp + 4 slots: 0x0 is NULL
stack at sp + 5 slots: 0x00007ffffa38f343 jvm.dll
stack at sp + 6 slots: 0x0 is NULL
stack at sp + 7 slots: 0x000000cea03fece0 is pointing into the stack for thread: 0x00000249ab441800


---------------  P R O C E S S  ---------------

Threads class SMR info:
_java_thread_list=0x00000249abf92910, length=18, elements={
0x0000024990fb5000, 0x00000249aaa6b800, 0x00000249aaa6d000, 0x00000249ab2b9800,
0x00000249ab2bc000, 0x00000249ab2bd000, 0x00000249ab2a1800, 0x00000249ab327800,
0x00000249ab32c000, 0x00000249ab441800, 0x00000249ab442800, 0x00000249ab444000,
0x00000249ab456000, 0x00000249ab46a800, 0x00000249ac569800, 0x00000249ac587800,
0x00000249ac588800, 0x00000249ac5b5000
}

Java Threads: ( => current thread )
  0x0000024990fb5000 JavaThread "main" [_thread_blocked, id=33512, stack(0x000000ce9f400000,0x000000ce9f500000)]
  0x00000249aaa6b800 JavaThread "Reference Handler" daemon [_thread_blocked, id=23660, stack(0x000000ce9fb00000,0x000000ce9fc00000)]
  0x00000249aaa6d000 JavaThread "Finalizer" daemon [_thread_blocked, id=13320, stack(0x000000ce9fc00000,0x000000ce9fd00000)]
  0x00000249ab2b9800 JavaThread "Signal Dispatcher" daemon [_thread_blocked, id=14700, stack(0x000000ce9fd00000,0x000000ce9fe00000)]
  0x00000249ab2bc000 JavaThread "Attach Listener" daemon [_thread_blocked, id=19172, stack(0x000000ce9fe00000,0x000000ce9ff00000)]
  0x00000249ab2bd000 JavaThread "Service Thread" daemon [_thread_blocked, id=12996, stack(0x000000ce9ff00000,0x000000cea0000000)]
  0x00000249ab2a1800 JavaThread "C2 CompilerThread0" daemon [_thread_blocked, id=3816, stack(0x000000cea0000000,0x000000cea0100000)]
  0x00000249ab327800 JavaThread "C1 CompilerThread0" daemon [_thread_blocked, id=16012, stack(0x000000cea0100000,0x000000cea0200000)]
  0x00000249ab32c000 JavaThread "Sweeper thread" daemon [_thread_blocked, id=33296, stack(0x000000cea0200000,0x000000cea0300000)]
=>0x00000249ab441800 JavaThread "JDWP Transport Listener: dt_socket" daemon [_thread_in_vm, id=28616, stack(0x000000cea0300000,0x000000cea0400000)]
  0x00000249ab442800 JavaThread "JDWP Event Helper Thread" daemon [_thread_blocked, id=3868, stack(0x000000cea0400000,0x000000cea0500000)]
  0x00000249ab444000 JavaThread "JDWP Command Reader" daemon [_thread_in_native, id=25696, stack(0x000000cea0500000,0x000000cea0600000)]
  0x00000249ab456000 JavaThread "Notification Thread" daemon [_thread_blocked, id=17272, stack(0x000000cea0600000,0x000000cea0700000)]
  0x00000249ab46a800 JavaThread "Common-Cleaner" daemon [_thread_blocked, id=12424, stack(0x000000cea0800000,0x000000cea0900000)]
  0x00000249ac569800 JavaThread "Exec Default Executor" daemon [_thread_in_native, id=12748, stack(0x000000cea0c00000,0x000000cea0d00000)]
  0x00000249ac587800 JavaThread "Exec Stream Pumper" daemon [_thread_in_native, id=31452, stack(0x000000cea0e00000,0x000000cea0f00000)]
  0x00000249ac588800 JavaThread "Exec Stream Pumper" daemon [_thread_in_native, id=25072, stack(0x000000cea0f00000,0x000000cea1000000)]
  0x00000249ac5b5000 JavaThread "ForkJoinPool.commonPool-worker-3" daemon [_thread_blocked, id=15332, stack(0x000000cea1100000,0x000000cea1200000)]

Other Threads:
  0x00000249aaa56800 VMThread "VM Thread" [stack: 0x000000ce9fa00000,0x000000ce9fb00000] [id=15672]
  0x00000249ab451000 WatcherThread [stack: 0x000000cea0700000,0x000000cea0800000] [id=25308]
  0x0000024990ff4800 GCTaskThread "GC Thread#0" [stack: 0x000000ce9f500000,0x000000ce9f600000] [id=31724]
  0x00000249aba83800 GCTaskThread "GC Thread#1" [stack: 0x000000cea0900000,0x000000cea0a00000] [id=22336]
  0x0000024991007000 ConcurrentGCThread "G1 Main Marker" [stack: 0x000000ce9f600000,0x000000ce9f700000] [id=31740]
  0x0000024991008800 ConcurrentGCThread "G1 Conc#0" [stack: 0x000000ce9f700000,0x000000ce9f800000] [id=17872]
  0x000002499108b800 ConcurrentGCThread "G1 Refine#0" [stack: 0x000000ce9f800000,0x000000ce9f900000] [id=25496]
  0x000002499108d800 ConcurrentGCThread "G1 Young RemSet Sampling" [stack: 0x000000ce9f900000,0x000000ce9fa00000] [id=452]

Threads with active compile tasks:

VM state:not at safepoint (normal execution)

VM Mutex/Monitor currently owned by a thread: None

Heap address: 0x0000000080000000, size: 2048 MB, Compressed Oops mode: 32-bit
Narrow klass base: 0x0000000000000000, Narrow klass shift: 3
Compressed class space size: 1073741824 Address: 0x0000000100000000

Heap:
 garbage-first heap   total 30720K, used 20893K [0x0000000080000000, 0x0000000100000000)
  region size 1024K, 18 young (18432K), 4 survivors (4096K)
 Metaspace       used 24120K, capacity 24662K, committed 24752K, reserved 1071104K
  class space    used 2578K, capacity 2788K, committed 2816K, reserved 1048576K
Heap Regions: E=young(eden), S=young(survivor), O=old, HS=humongous(starts), HC=humongous(continues), CS=collection set, F=free, OA=open archive, CA=closed archive, TAMS=top-at-mark-start (previous, next)
|   0|0x0000000080000000, 0x0000000080100000, 0x0000000080100000|100%|HS|  |TAMS 0x0000000080100000, 0x0000000080000000| Complete 
|   1|0x0000000080100000, 0x0000000080200000, 0x0000000080200000|100%| O|  |TAMS 0x0000000080200000, 0x0000000080100000| Untracked 
|   2|0x0000000080200000, 0x0000000080300000, 0x0000000080300000|100%| O|  |TAMS 0x0000000080300000, 0x0000000080200000| Untracked 
|   3|0x0000000080300000, 0x0000000080400000, 0x0000000080400000|100%| O|  |TAMS 0x0000000080400000, 0x0000000080300000| Untracked 
|   4|0x0000000080400000, 0x000000008040dc00, 0x0000000080500000|  5%| O|  |TAMS 0x000000008040dc00, 0x0000000080400000| Untracked 
|   5|0x0000000080500000, 0x0000000080500000, 0x0000000080600000|  0%| F|  |TAMS 0x0000000080500000, 0x0000000080500000| Untracked 
|   6|0x0000000080600000, 0x0000000080600000, 0x0000000080700000|  0%| F|  |TAMS 0x0000000080600000, 0x0000000080600000| Untracked 
|   7|0x0000000080700000, 0x0000000080700000, 0x0000000080800000|  0%| F|  |TAMS 0x0000000080700000, 0x0000000080700000| Untracked 
|   8|0x0000000080800000, 0x0000000080800000, 0x0000000080900000|  0%| F|  |TAMS 0x0000000080800000, 0x0000000080800000| Untracked 
|   9|0x0000000080900000, 0x0000000080900000, 0x0000000080a00000|  0%| F|  |TAMS 0x0000000080900000, 0x0000000080900000| Untracked 
|  10|0x0000000080a00000, 0x0000000080a00000, 0x0000000080b00000|  0%| F|  |TAMS 0x0000000080a00000, 0x0000000080a00000| Untracked 
|  11|0x0000000080b00000, 0x0000000080b00000, 0x0000000080c00000|  0%| F|  |TAMS 0x0000000080b00000, 0x0000000080b00000| Untracked 
|  12|0x0000000080c00000, 0x0000000080d00000, 0x0000000080d00000|100%| E|  |TAMS 0x0000000080c00000, 0x0000000080c00000| Complete 
|  13|0x0000000080d00000, 0x0000000080e00000, 0x0000000080e00000|100%| E|CS|TAMS 0x0000000080d00000, 0x0000000080d00000| Complete 
|  14|0x0000000080e00000, 0x0000000080f00000, 0x0000000080f00000|100%| E|CS|TAMS 0x0000000080e00000, 0x0000000080e00000| Complete 
|  15|0x0000000080f00000, 0x0000000081000000, 0x0000000081000000|100%| E|CS|TAMS 0x0000000080f00000, 0x0000000080f00000| Complete 
|  16|0x0000000081000000, 0x0000000081100000, 0x0000000081100000|100%| E|CS|TAMS 0x0000000081000000, 0x0000000081000000| Complete 
|  17|0x0000000081100000, 0x0000000081200000, 0x0000000081200000|100%| E|CS|TAMS 0x0000000081100000, 0x0000000081100000| Complete 
|  18|0x0000000081200000, 0x0000000081300000, 0x0000000081300000|100%| E|CS|TAMS 0x0000000081200000, 0x0000000081200000| Complete 
|  19|0x0000000081300000, 0x0000000081400000, 0x0000000081400000|100%| E|CS|TAMS 0x0000000081300000, 0x0000000081300000| Complete 
|  20|0x0000000081400000, 0x0000000081500000, 0x0000000081500000|100%| E|CS|TAMS 0x0000000081400000, 0x0000000081400000| Complete 
|  21|0x0000000081500000, 0x0000000081600000, 0x0000000081600000|100%| E|CS|TAMS 0x0000000081500000, 0x0000000081500000| Complete 
|  22|0x0000000081600000, 0x0000000081700000, 0x0000000081700000|100%| E|CS|TAMS 0x0000000081600000, 0x0000000081600000| Complete 
|  23|0x0000000081700000, 0x0000000081800000, 0x0000000081800000|100%| E|CS|TAMS 0x0000000081700000, 0x0000000081700000| Complete 
|  24|0x0000000081800000, 0x0000000081900000, 0x0000000081900000|100%| E|CS|TAMS 0x0000000081800000, 0x0000000081800000| Complete 
|  25|0x0000000081900000, 0x0000000081a00000, 0x0000000081a00000|100%| E|CS|TAMS 0x0000000081900000, 0x0000000081900000| Complete 
| 102|0x0000000086600000, 0x0000000086659a80, 0x0000000086700000| 35%| S|CS|TAMS 0x0000000086600000, 0x0000000086600000| Complete 
| 103|0x0000000086700000, 0x0000000086800000, 0x0000000086800000|100%| S|CS|TAMS 0x0000000086700000, 0x0000000086700000| Complete 
| 104|0x0000000086800000, 0x0000000086900000, 0x0000000086900000|100%| S|CS|TAMS 0x0000000086800000, 0x0000000086800000| Complete 
| 105|0x0000000086900000, 0x0000000086a00000, 0x0000000086a00000|100%| S|CS|TAMS 0x0000000086900000, 0x0000000086900000| Complete 

Card table byte_map: [0x00000249a4080000,0x00000249a4480000] _byte_map_base: 0x00000249a3c80000

Marking Bits (Prev, Next): (CMBitMap*) 0x0000024990ff6128, (CMBitMap*) 0x0000024990ff60e8
 Prev Bits: [0x00000249a6880000, 0x00000249a8880000)
 Next Bits: [0x00000249a4880000, 0x00000249a6880000)

Polling page: 0x000002498f150000

Metaspace:

Usage:
  Non-class:     21.36 MB capacity,    21.04 MB ( 98%) used,   267.71 KB (  1%) free+waste,    64.38 KB ( <1%) overhead. 
      Class:      2.72 MB capacity,     2.52 MB ( 92%) used,   180.01 KB (  6%) free+waste,    29.44 KB (  1%) overhead. 
       Both:     24.08 MB capacity,    23.56 MB ( 98%) used,   447.72 KB (  2%) free+waste,    93.81 KB ( <1%) overhead. 

Virtual space:
  Non-class space:       22.00 MB reserved,      21.42 MB ( 97%) committed 
      Class space:        1.00 GB reserved,       2.75 MB ( <1%) committed 
             Both:        1.02 GB reserved,      24.17 MB (  2%) committed 

Chunk freelists:
   Non-Class:  62.00 KB
       Class:  0 bytes
        Both:  62.00 KB

MaxMetaspaceSize: 17179869184.00 GB
CompressedClassSpaceSize: 1.00 GB

CodeHeap 'non-profiled nmethods': size=120064Kb used=762Kb max_used=762Kb free=119301Kb
 bounds [0x000002499c740000, 0x000002499c9b0000, 0x00000249a3c80000]
CodeHeap 'profiled nmethods': size=120000Kb used=4121Kb max_used=4121Kb free=115878Kb
 bounds [0x0000024995210000, 0x0000024995620000, 0x000002499c740000]
CodeHeap 'non-nmethods': size=5696Kb used=1331Kb max_used=1350Kb free=4364Kb
 bounds [0x0000024994c80000, 0x0000024994ef0000, 0x0000024995210000]
 total_blobs=2596 nmethods=2079 adapters=429
 compilation: enabled
              stopped_count=0, restarted_count=0
 full_count=0

Compilation events (20 events):
Event: 25.685 Thread 0x00000249ab327800 2069       3       java.util.LinkedHashMap$LinkedEntryIterator::<init> (11 bytes)
Event: 25.685 Thread 0x00000249ab327800 nmethod 2069 0x0000024995612890 code [0x0000024995612a40, 0x0000024995612d58]
Event: 25.685 Thread 0x00000249ab327800 2071       3       java.util.Formatter$FormatSpecifier::appendJustified (91 bytes)
Event: 25.686 Thread 0x00000249ab327800 nmethod 2071 0x0000024995612e90 code [0x00000249956130a0, 0x0000024995613828]
Event: 25.686 Thread 0x00000249ab327800 2072       3       java.util.BitSet::get (69 bytes)
Event: 25.686 Thread 0x00000249ab327800 nmethod 2072 0x0000024995613b10 code [0x0000024995613d80, 0x00000249956147a8]
Event: 25.686 Thread 0x00000249ab327800 2073  s    1       java.lang.StringBuffer::length (5 bytes)
Event: 25.686 Thread 0x00000249ab327800 nmethod 2073 0x000002499c7fd910 code [0x000002499c7fdaa0, 0x000002499c7fdcb8]
Event: 25.825 Thread 0x00000249ab327800 2074       3       okhttp3.Headers$Builder::build (9 bytes)
Event: 25.825 Thread 0x00000249ab327800 nmethod 2074 0x0000024995614b90 code [0x0000024995614d60, 0x00000249956152d8]
Event: 25.825 Thread 0x00000249ab327800 2076       3       okio.Buffer::skip (113 bytes)
Event: 25.825 Thread 0x00000249ab2a1800 2077       4       com.google.common.base.Preconditions::checkNotNull (14 bytes)
Event: 25.826 Thread 0x00000249ab327800 nmethod 2076 0x0000024995615490 code [0x0000024995615680, 0x0000024995615b48]
Event: 25.826 Thread 0x00000249ab327800 2075       3       okhttp3.Headers::<init> (33 bytes)
Event: 25.826 Thread 0x00000249ab2a1800 nmethod 2077 0x000002499c7fdd90 code [0x000002499c7fdf20, 0x000002499c7fdf98]
Event: 25.826 Thread 0x00000249ab327800 nmethod 2075 0x0000024995615d10 code [0x0000024995615ee0, 0x00000249956163b8]
Event: 25.826 Thread 0x00000249ab327800 2078       1       com.google.common.collect.RegularImmutableMultiset::size (5 bytes)
Event: 25.826 Thread 0x00000249ab327800 nmethod 2078 0x000002499c7fe090 code [0x000002499c7fe220, 0x000002499c7fe2d8]
Event: 61451.603 Thread 0x00000249ab2a1800 2080       4       jdk.internal.misc.InnocuousThread::eraseThreadLocals (23 bytes)
Event: 61451.605 Thread 0x00000249ab2a1800 nmethod 2080 0x000002499c7fe790 code [0x000002499c7fe900, 0x000002499c7fe9f8]

GC Heap History (8 events):
Event: 1.091 GC heap before
{Heap before GC invocations=0 (full 0):
 garbage-first heap   total 131072K, used 6144K [0x0000000080000000, 0x0000000100000000)
  region size 1024K, 6 young (6144K), 0 survivors (0K)
 Metaspace       used 7636K, capacity 7728K, committed 7936K, reserved 1056768K
  class space    used 670K, capacity 701K, committed 768K, reserved 1048576K
}
Event: 1.100 GC heap after
{Heap after GC invocations=1 (full 0):
 garbage-first heap   total 131072K, used 4157K [0x0000000080000000, 0x0000000100000000)
  region size 1024K, 1 young (1024K), 1 survivors (1024K)
 Metaspace       used 7636K, capacity 7728K, committed 7936K, reserved 1056768K
  class space    used 670K, capacity 701K, committed 768K, reserved 1048576K
}
Event: 2.133 GC heap before
{Heap before GC invocations=1 (full 0):
 garbage-first heap   total 131072K, used 8253K [0x0000000080000000, 0x0000000100000000)
  region size 1024K, 6 young (6144K), 1 survivors (1024K)
 Metaspace       used 12059K, capacity 12195K, committed 12288K, reserved 1060864K
  class space    used 1141K, capacity 1191K, committed 1280K, reserved 1048576K
}
Event: 2.144 GC heap after
{Heap after GC invocations=2 (full 0):
 garbage-first heap   total 131072K, used 4886K [0x0000000080000000, 0x0000000100000000)
  region size 1024K, 1 young (1024K), 1 survivors (1024K)
 Metaspace       used 12059K, capacity 12195K, committed 12288K, reserved 1060864K
  class space    used 1141K, capacity 1191K, committed 1280K, reserved 1048576K
}
Event: 2.513 GC heap before
{Heap before GC invocations=2 (full 0):
 garbage-first heap   total 131072K, used 13078K [0x0000000080000000, 0x0000000100000000)
  region size 1024K, 9 young (9216K), 1 survivors (1024K)
 Metaspace       used 14914K, capacity 15236K, committed 15488K, reserved 1062912K
  class space    used 1503K, capacity 1606K, committed 1664K, reserved 1048576K
}
Event: 2.516 GC heap after
{Heap after GC invocations=3 (full 0):
 garbage-first heap   total 131072K, used 5286K [0x0000000080000000, 0x0000000100000000)
  region size 1024K, 2 young (2048K), 2 survivors (2048K)
 Metaspace       used 14914K, capacity 15236K, committed 15488K, reserved 1062912K
  class space    used 1503K, capacity 1606K, committed 1664K, reserved 1048576K
}
Event: 3.647 GC heap before
{Heap before GC invocations=3 (full 0):
 garbage-first heap   total 131072K, used 24742K [0x0000000080000000, 0x0000000100000000)
  region size 1024K, 22 young (22528K), 2 survivors (2048K)
 Metaspace       used 20767K, capacity 21218K, committed 21296K, reserved 1069056K
  class space    used 2206K, capacity 2367K, committed 2432K, reserved 1048576K
}
Event: 3.656 GC heap after
{Heap after GC invocations=4 (full 0):
 garbage-first heap   total 131072K, used 7581K [0x0000000080000000, 0x0000000100000000)
  region size 1024K, 4 young (4096K), 4 survivors (4096K)
 Metaspace       used 20767K, capacity 21218K, committed 21296K, reserved 1069056K
  class space    used 2206K, capacity 2367K, committed 2432K, reserved 1048576K
}

Deoptimization events (20 events):
Event: 25.559 Thread 0x0000024990fb5000 DEOPT PACKING pc=0x0000024995605204 sp=0x000000ce9f4fca00
Event: 25.559 Thread 0x0000024990fb5000 DEOPT UNPACKING pc=0x0000024994cc964e sp=0x000000ce9f4fbf50 mode 1
Event: 25.559 Thread 0x0000024990fb5000 DEOPT PACKING pc=0x00000249955cb75c sp=0x000000ce9f4fcb10
Event: 25.559 Thread 0x0000024990fb5000 DEOPT UNPACKING pc=0x0000024994cc964e sp=0x000000ce9f4fc080 mode 1
Event: 25.559 Thread 0x0000024990fb5000 DEOPT PACKING pc=0x0000024995605204 sp=0x000000ce9f4fca80
Event: 25.559 Thread 0x0000024990fb5000 DEOPT UNPACKING pc=0x0000024994cc964e sp=0x000000ce9f4fbfd0 mode 1
Event: 25.559 Thread 0x0000024990fb5000 DEOPT PACKING pc=0x00000249955cb75c sp=0x000000ce9f4fcb90
Event: 25.559 Thread 0x0000024990fb5000 DEOPT UNPACKING pc=0x0000024994cc964e sp=0x000000ce9f4fc100 mode 1
Event: 25.559 Thread 0x0000024990fb5000 DEOPT PACKING pc=0x0000024995605204 sp=0x000000ce9f4fca00
Event: 25.559 Thread 0x0000024990fb5000 DEOPT UNPACKING pc=0x0000024994cc964e sp=0x000000ce9f4fbf50 mode 1
Event: 25.559 Thread 0x0000024990fb5000 DEOPT PACKING pc=0x00000249955cb75c sp=0x000000ce9f4fcb10
Event: 25.559 Thread 0x0000024990fb5000 DEOPT UNPACKING pc=0x0000024994cc964e sp=0x000000ce9f4fc080 mode 1
Event: 25.559 Thread 0x0000024990fb5000 DEOPT PACKING pc=0x0000024995605204 sp=0x000000ce9f4fca80
Event: 25.559 Thread 0x0000024990fb5000 DEOPT UNPACKING pc=0x0000024994cc964e sp=0x000000ce9f4fbfd0 mode 1
Event: 25.559 Thread 0x0000024990fb5000 DEOPT PACKING pc=0x00000249955cb75c sp=0x000000ce9f4fcb90
Event: 25.559 Thread 0x0000024990fb5000 DEOPT UNPACKING pc=0x0000024994cc964e sp=0x000000ce9f4fc100 mode 1
Event: 25.559 Thread 0x0000024990fb5000 DEOPT PACKING pc=0x0000024995605204 sp=0x000000ce9f4fca00
Event: 25.559 Thread 0x0000024990fb5000 DEOPT UNPACKING pc=0x0000024994cc964e sp=0x000000ce9f4fbf50 mode 1
Event: 25.559 Thread 0x0000024990fb5000 DEOPT PACKING pc=0x00000249955cb75c sp=0x000000ce9f4fcb10
Event: 25.559 Thread 0x0000024990fb5000 DEOPT UNPACKING pc=0x0000024994cc964e sp=0x000000ce9f4fc080 mode 1

Classes unloaded (0 events):
No events

Classes redefined (20 events):
Event: 446.251 Thread 0x00000249aaa56800 redefined class name=FrontDesk.QuicksalerenewalTest, count=1
Event: 501.036 Thread 0x00000249aaa56800 redefined class name=FrontDesk.QuicksalerenewalTest, count=2
Event: 552.446 Thread 0x00000249aaa56800 redefined class name=FrontDesk.QuicksalerenewalTest, count=3
Event: 576.462 Thread 0x00000249aaa56800 redefined class name=FrontDesk.QuicksalerenewalTest, count=4
Event: 726.625 Thread 0x00000249aaa56800 redefined class name=FrontDesk.QuicksalerenewalTest, count=5
Event: 924.947 Thread 0x00000249aaa56800 redefined class name=FrontDesk.QuicksalerenewalTest, count=6
Event: 960.465 Thread 0x00000249aaa56800 redefined class name=FrontDesk.QuicksalerenewalTest, count=7
Event: 60317.905 Thread 0x00000249aaa56800 redefined class name=resources.CustomActions, count=1
Event: 67396.409 Thread 0x00000249aaa56800 redefined class name=FrontDesk.QuicksalerenewalTest, count=8
Event: 67573.972 Thread 0x00000249aaa56800 redefined class name=pageObjects.Quicksale_renewalPO, count=1
Event: 67595.942 Thread 0x00000249aaa56800 redefined class name=resources.CustomActions, count=2
Event: 69271.451 Thread 0x00000249aaa56800 redefined class name=FrontDesk.QuicksalerenewalTest, count=9
Event: 76046.457 Thread 0x00000249aaa56800 redefined class name=FrontDesk.QuicksalerenewalTest, count=10
Event: 76055.044 Thread 0x00000249aaa56800 redefined class name=FrontDesk.QuicksalerenewalTest, count=11
Event: 76065.339 Thread 0x00000249aaa56800 redefined class name=FrontDesk.QuicksalerenewalTest, count=12
Event: 76077.142 Thread 0x00000249aaa56800 redefined class name=FrontDesk.QuicksalerenewalTest, count=13
Event: 76589.724 Thread 0x00000249aaa56800 redefined class name=FrontDesk.QuicksalerenewalTest, count=14
Event: 76598.635 Thread 0x00000249aaa56800 redefined class name=FrontDesk.QuicksalerenewalTest, count=15
Event: 76615.425 Thread 0x00000249aaa56800 redefined class name=FrontDesk.QuicksalerenewalTest, count=16
Event: 76903.651 Thread 0x00000249aaa56800 redefined class name=FrontDesk.QuicksalerenewalTest, count=17

Internal exceptions (20 events):
Event: 2.801 Thread 0x0000024990fb5000 Exception <a 'java/lang/IncompatibleClassChangeError'{0x00000000878d3d30}: Found class java.lang.Object, but interface was expected> (0x00000000878d3d30) 
thrown [./open/src/hotspot/share/interpreter/linkResolver.cpp, line 832]
Event: 2.801 Thread 0x0000024990fb5000 Exception <a 'java/lang/NoSuchMethodError'{0x00000000878d6b70}: 'void java.lang.invoke.DirectMethodHandle$Holder.invokeStaticInit(java.lang.Object, java.lang.Object)'> (0x00000000878d6b70) 
thrown [./open/src/hotspot/share/interpreter/linkResolver.cpp, line 766]
Event: 2.994 Thread 0x00000249ac569800 Exception <a 'java/lang/NoSuchMethodError'{0x000000008700f3d0}: 'void java.lang.invoke.DirectMethodHandle$Holder.invokeStatic(java.lang.Object, long)'> (0x000000008700f3d0) 
thrown [./open/src/hotspot/share/interpreter/linkResolver.cpp, line 766]
Event: 2.996 Thread 0x00000249ac569800 Exception <a 'java/lang/NoSuchMethodError'{0x0000000087019460}: 'java.lang.Object java.lang.invoke.DirectMethodHandle$Holder.invokeStaticInit(java.lang.Object, java.lang.Object, long, java.lang.Object)'> (0x0000000087019460) 
thrown [./open/src/hotspot/share/interpreter/linkResolver.cpp, line 766]
Event: 2.996 Thread 0x00000249ac569800 Exception <a 'java/lang/NoSuchMethodError'{0x000000008701e8c0}: 'java.lang.Object java.lang.invoke.Invokers$Holder.linkToTargetMethod(java.lang.Object, long, java.lang.Object)'> (0x000000008701e8c0) 
thrown [./open/src/hotspot/share/interpreter/linkResolver.cpp, line 766]
Event: 3.495 Thread 0x0000024990fb5000 Exception <a 'java/lang/NoSuchMethodError'{0x0000000086f2a908}: 'java.lang.Object java.lang.invoke.DirectMethodHandle$Holder.invokeInterface(java.lang.Object, java.lang.Object, java.lang.Object)'> (0x0000000086f2a908) 
thrown [./open/src/hotspot/share/interpreter/linkResolver.cpp, line 766]
Event: 3.495 Thread 0x0000024990fb5000 Exception <a 'java/lang/IncompatibleClassChangeError'{0x0000000086f2d978}: Found class java.lang.Object, but interface was expected> (0x0000000086f2d978) 
thrown [./open/src/hotspot/share/interpreter/linkResolver.cpp, line 832]
Event: 3.501 Thread 0x0000024990fb5000 Exception <a 'java/lang/NoSuchMethodError'{0x0000000086f35bd0}: 'int java.lang.invoke.DirectMethodHandle$Holder.invokeSpecialIFC(java.lang.Object, java.lang.Object, java.lang.Object, java.lang.Object)'> (0x0000000086f35bd0) 
thrown [./open/src/hotspot/share/interpreter/linkResolver.cpp, line 766]
Event: 3.511 Thread 0x0000024990fb5000 Exception <a 'java/lang/NoSuchMethodError'{0x0000000086f9d2d0}: 'double java.lang.invoke.DirectMethodHandle$Holder.invokeVirtual(java.lang.Object, java.lang.Object)'> (0x0000000086f9d2d0) 
thrown [./open/src/hotspot/share/interpreter/linkResolver.cpp, line 766]
Event: 3.512 Thread 0x0000024990fb5000 Exception <a 'java/lang/NoSuchMethodError'{0x0000000086fa2a90}: 'float java.lang.invoke.DirectMethodHandle$Holder.invokeVirtual(java.lang.Object, java.lang.Object)'> (0x0000000086fa2a90) 
thrown [./open/src/hotspot/share/interpreter/linkResolver.cpp, line 766]
Event: 3.513 Thread 0x0000024990fb5000 Exception <a 'java/lang/NoSuchMethodError'{0x0000000086faa478}: 'long java.lang.invoke.DirectMethodHandle$Holder.invokeVirtual(java.lang.Object, java.lang.Object)'> (0x0000000086faa478) 
thrown [./open/src/hotspot/share/interpreter/linkResolver.cpp, line 766]
Event: 3.522 Thread 0x0000024990fb5000 Exception <a 'java/lang/NoSuchMethodError'{0x0000000086fd5698}: 'java.lang.Object java.lang.invoke.DirectMethodHandle$Holder.invokeVirtual(java.lang.Object, java.lang.Object, java.lang.Object)'> (0x0000000086fd5698) 
thrown [./open/src/hotspot/share/interpreter/linkResolver.cpp, line 766]
Event: 3.535 Thread 0x0000024990fb5000 Exception <a 'java/lang/NoSuchMethodError'{0x0000000086e48ac0}: 'void java.lang.invoke.DirectMethodHandle$Holder.invokeSpecial(java.lang.Object, java.lang.Object, java.lang.Object, java.lang.Object)'> (0x0000000086e48ac0) 
thrown [./open/src/hotspot/share/interpreter/linkResolver.cpp, line 766]
Event: 3.562 Thread 0x0000024990fb5000 Exception <a 'java/lang/NoSuchMethodError'{0x0000000086efbfa0}: 'void java.lang.invoke.DirectMethodHandle$Holder.invokeSpecial(java.lang.Object, java.lang.Object, java.lang.Object, java.lang.Object, java.lang.Object)'> (0x0000000086efbfa0) 
thrown [./open/src/hotspot/share/interpreter/linkResolver.cpp, line 766]
Event: 4.784 Thread 0x0000024990fb5000 Exception <a 'java/lang/NoSuchMethodError'{0x00000000814ec708}: 'java.lang.Object java.lang.invoke.DirectMethodHandle$Holder.invokeSpecialIFC(java.lang.Object, java.lang.Object, java.lang.Object)'> (0x00000000814ec708) 
thrown [./open/src/hotspot/share/interpreter/linkResolver.cpp, line 766]
Event: 4.815 Thread 0x0000024990fb5000 Exception <a 'java/lang/NoSuchMethodError'{0x0000000081378108}: 'java.lang.Object java.lang.invoke.DirectMethodHandle$Holder.invokeStatic(java.lang.Object, int, java.lang.Object)'> (0x0000000081378108) 
thrown [./open/src/hotspot/share/interpreter/linkResolver.cpp, line 766]
Event: 4.826 Thread 0x0000024990fb5000 Exception <a 'java/lang/ClassNotFoundException'{0x00000000813a0da0}: sun/util/logging/resources/spi/loggingProvider> (0x00000000813a0da0) 
thrown [./open/src/hotspot/share/classfile/systemDictionary.cpp, line 226]
Event: 14.341 Thread 0x0000024990fb5000 Exception <a 'java/lang/NoSuchMethodError'{0x0000000080f03470}: 'void java.lang.invoke.DirectMethodHandle$Holder.invokeInterface(java.lang.Object, java.lang.Object)'> (0x0000000080f03470) 
thrown [./open/src/hotspot/share/interpreter/linkResolver.cpp, line 766]
Event: 17.556 Thread 0x0000024990fb5000 Exception <a 'java/lang/NoSuchMethodError'{0x0000000080e9ffb8}: 'java.lang.Object java.lang.invoke.DirectMethodHandle$Holder.invokeSpecialIFC(java.lang.Object, java.lang.Object)'> (0x0000000080e9ffb8) 
thrown [./open/src/hotspot/share/interpreter/linkResolver.cpp, line 766]
Event: 17.557 Thread 0x0000024990fb5000 Exception <a 'java/lang/NoSuchMethodError'{0x0000000080ea5c18}: 'void java.lang.invoke.DirectMethodHandle$Holder.invokeSpecial(java.lang.Object, java.lang.Object, int)'> (0x0000000080ea5c18) 
thrown [./open/src/hotspot/share/interpreter/linkResolver.cpp, line 766]

Events (20 events):
Event: 76903.699 Executing VM operation: GetFrameCount
Event: 76903.700 Executing VM operation: GetFrameCount done
Event: 76903.700 Executing VM operation: GetStackTrace
Event: 76903.700 Executing VM operation: GetStackTrace done
Event: 76904.846 Executing VM operation: GetCurrentContendedMonitor
Event: 76904.846 Executing VM operation: GetCurrentContendedMonitor done
Event: 76904.846 Executing VM operation: GetOwnedMonitorInfo
Event: 76904.846 Executing VM operation: GetOwnedMonitorInfo done
Event: 76956.429 Executing VM operation: GetCurrentContendedMonitor
Event: 76956.431 Executing VM operation: GetCurrentContendedMonitor done
Event: 76956.431 Executing VM operation: GetOwnedMonitorInfo
Event: 76956.433 Executing VM operation: GetOwnedMonitorInfo done
Event: 76958.047 Executing VM operation: GetFrameCount
Event: 76958.048 Executing VM operation: GetFrameCount done
Event: 76958.048 Executing VM operation: GetOwnedMonitorInfo
Event: 76958.048 Executing VM operation: GetOwnedMonitorInfo done
Event: 76958.049 Executing VM operation: GetCurrentContendedMonitor
Event: 76958.049 Executing VM operation: GetCurrentContendedMonitor done
Event: 76958.085 Executing VM operation: GetFrameLocation
Event: 76958.085 Executing VM operation: GetFrameLocation done


Dynamic libraries:
0x00007ff6dc1a0000 - 0x00007ff6dc1ad000 	C:\Users\ukollu\.p2\pool\plugins\org.eclipse.justj.openjdk.hotspot.jre.full.win32.x86_64_14.0.2.v20200815-0932\jre\bin\javaw.exe
0x00007ff80f3d0000 - 0x00007ff80f5c6000 	C:\WINDOWS\SYSTEM32\ntdll.dll
0x00007ff80e370000 - 0x00007ff80e42d000 	C:\WINDOWS\System32\KERNEL32.DLL
0x00007ff80cb10000 - 0x00007ff80cdd9000 	C:\WINDOWS\System32\KERNELBASE.dll
0x00007ff80cec0000 - 0x00007ff80cfc0000 	C:\WINDOWS\System32\ucrtbase.dll
0x00007ff806c50000 - 0x00007ff806c68000 	C:\Users\ukollu\.p2\pool\plugins\org.eclipse.justj.openjdk.hotspot.jre.full.win32.x86_64_14.0.2.v20200815-0932\jre\bin\jli.dll
0x00007ff80f170000 - 0x00007ff80f310000 	C:\WINDOWS\System32\USER32.dll
0x00007ff80cfc0000 - 0x00007ff80cfe2000 	C:\WINDOWS\System32\win32u.dll
0x00007ff80dd80000 - 0x00007ff80ddaa000 	C:\WINDOWS\System32\GDI32.dll
0x00007ff80d040000 - 0x00007ff80d14b000 	C:\WINDOWS\System32\gdi32full.dll
0x00007ff80d390000 - 0x00007ff80d42d000 	C:\WINDOWS\System32\msvcp_win.dll
0x00007ff804e20000 - 0x00007ff804e35000 	C:\Users\ukollu\.p2\pool\plugins\org.eclipse.justj.openjdk.hotspot.jre.full.win32.x86_64_14.0.2.v20200815-0932\jre\bin\VCRUNTIME140.dll
0x00007fffe2080000 - 0x00007fffe231b000 	C:\WINDOWS\WinSxS\amd64_microsoft.windows.common-controls_6595b64144ccf1df_6.0.19041.746_none_ca02b4b61b8320a4\COMCTL32.dll
0x00007ff80d9b0000 - 0x00007ff80da4e000 	C:\WINDOWS\System32\msvcrt.dll
0x00007ff80dc50000 - 0x00007ff80dc80000 	C:\WINDOWS\System32\IMM32.DLL
0x00007ff804600000 - 0x00007ff80469b000 	C:\Users\ukollu\.p2\pool\plugins\org.eclipse.justj.openjdk.hotspot.jre.full.win32.x86_64_14.0.2.v20200815-0932\jre\bin\msvcp140.dll
0x00007ffffa0a0000 - 0x00007ffffabbe000 	C:\Users\ukollu\.p2\pool\plugins\org.eclipse.justj.openjdk.hotspot.jre.full.win32.x86_64_14.0.2.v20200815-0932\jre\bin\server\jvm.dll
0x00007ff80d900000 - 0x00007ff80d9ac000 	C:\WINDOWS\System32\ADVAPI32.dll
0x00007ff80de60000 - 0x00007ff80defc000 	C:\WINDOWS\System32\sechost.dll
0x00007ff80d7c0000 - 0x00007ff80d8eb000 	C:\WINDOWS\System32\RPCRT4.dll
0x00007ff80d430000 - 0x00007ff80d438000 	C:\WINDOWS\System32\PSAPI.DLL
0x00007fffff940000 - 0x00007fffff949000 	C:\WINDOWS\SYSTEM32\WSOCK32.dll
0x00007ff80db80000 - 0x00007ff80dbeb000 	C:\WINDOWS\System32\WS2_32.dll
0x00007ff806120000 - 0x00007ff80612a000 	C:\WINDOWS\SYSTEM32\VERSION.dll
0x00007fffffa50000 - 0x00007fffffa77000 	C:\WINDOWS\SYSTEM32\WINMM.dll
0x00007ff80b6f0000 - 0x00007ff80b702000 	C:\WINDOWS\SYSTEM32\kernel.appcore.dll
0x00007ff806a20000 - 0x00007ff806a2a000 	C:\Users\ukollu\.p2\pool\plugins\org.eclipse.justj.openjdk.hotspot.jre.full.win32.x86_64_14.0.2.v20200815-0932\jre\bin\jimage.dll
0x00007ff80afa0000 - 0x00007ff80b184000 	C:\WINDOWS\SYSTEM32\DBGHELP.DLL
0x00007ff805f50000 - 0x00007ff805f7c000 	C:\WINDOWS\SYSTEM32\dbgcore.DLL
0x00007ff80ce40000 - 0x00007ff80cec0000 	C:\WINDOWS\System32\bcryptPrimitives.dll
0x00007ff804de0000 - 0x00007ff804e18000 	C:\Users\ukollu\.p2\pool\plugins\org.eclipse.justj.openjdk.hotspot.jre.full.win32.x86_64_14.0.2.v20200815-0932\jre\bin\jdwp.dll
0x00007ff8045d0000 - 0x00007ff8045f5000 	C:\Users\ukollu\.p2\pool\plugins\org.eclipse.justj.openjdk.hotspot.jre.full.win32.x86_64_14.0.2.v20200815-0932\jre\bin\java.dll
0x00007ff800a20000 - 0x00007ff800a36000 	C:\Users\ukollu\.p2\pool\plugins\org.eclipse.justj.openjdk.hotspot.jre.full.win32.x86_64_14.0.2.v20200815-0932\jre\bin\zip.dll
0x00007ff80e560000 - 0x00007ff80eca3000 	C:\WINDOWS\System32\SHELL32.dll
0x00007ff809e80000 - 0x00007ff80a60f000 	C:\WINDOWS\SYSTEM32\windows.storage.dll
0x00007ff80ee10000 - 0x00007ff80f166000 	C:\WINDOWS\System32\combase.dll
0x00007ff80c4a0000 - 0x00007ff80c4cc000 	C:\WINDOWS\SYSTEM32\Wldp.dll
0x00007ff80d710000 - 0x00007ff80d7be000 	C:\WINDOWS\System32\SHCORE.dll
0x00007ff80dab0000 - 0x00007ff80db05000 	C:\WINDOWS\System32\shlwapi.dll
0x00007ff80ca40000 - 0x00007ff80ca66000 	C:\WINDOWS\SYSTEM32\profapi.dll
0x00007ff804dd0000 - 0x00007ff804ddb000 	C:\Users\ukollu\.p2\pool\plugins\org.eclipse.justj.openjdk.hotspot.jre.full.win32.x86_64_14.0.2.v20200815-0932\jre\bin\dt_socket.dll
0x00007ff80bf10000 - 0x00007ff80bf4b000 	C:\WINDOWS\SYSTEM32\IPHLPAPI.DLL
0x00007ff80c220000 - 0x00007ff80c28a000 	C:\WINDOWS\system32\mswsock.dll
0x00007ff80bf50000 - 0x00007ff80c01b000 	C:\WINDOWS\SYSTEM32\DNSAPI.dll
0x00007ff80d8f0000 - 0x00007ff80d8f8000 	C:\WINDOWS\System32\NSI.dll
0x00007ff805f80000 - 0x00007ff805f8a000 	C:\Windows\System32\rasadhlp.dll
0x00007ff808150000 - 0x00007ff8081cf000 	C:\WINDOWS\System32\fwpuclnt.dll
0x00007ff80d360000 - 0x00007ff80d387000 	C:\WINDOWS\System32\bcrypt.dll
0x00007ff800a00000 - 0x00007ff800a19000 	C:\Users\ukollu\.p2\pool\plugins\org.eclipse.justj.openjdk.hotspot.jre.full.win32.x86_64_14.0.2.v20200815-0932\jre\bin\net.dll
0x00007ff807970000 - 0x00007ff807a70000 	C:\WINDOWS\SYSTEM32\WINHTTP.dll
0x00007ff8009e0000 - 0x00007ff8009f2000 	C:\Users\ukollu\.p2\pool\plugins\org.eclipse.justj.openjdk.hotspot.jre.full.win32.x86_64_14.0.2.v20200815-0932\jre\bin\nio.dll
0x00007ff80c400000 - 0x00007ff80c418000 	C:\WINDOWS\SYSTEM32\CRYPTSP.dll
0x00007ff80bbc0000 - 0x00007ff80bbf4000 	C:\WINDOWS\system32\rsaenh.dll
0x00007ff80c990000 - 0x00007ff80c9be000 	C:\WINDOWS\SYSTEM32\USERENV.dll
0x00007ff80c3f0000 - 0x00007ff80c3fc000 	C:\WINDOWS\SYSTEM32\CRYPTBASE.dll
0x00007ff807e30000 - 0x00007ff807e47000 	C:\WINDOWS\SYSTEM32\dhcpcsvc6.DLL
0x00007ff807a70000 - 0x00007ff807a8d000 	C:\WINDOWS\SYSTEM32\dhcpcsvc.DLL
0x00007ff804d60000 - 0x00007ff804d6e000 	C:\Users\ukollu\.p2\pool\plugins\org.eclipse.justj.openjdk.hotspot.jre.full.win32.x86_64_14.0.2.v20200815-0932\jre\bin\sunmscapi.dll
0x00007ff80d200000 - 0x00007ff80d356000 	C:\WINDOWS\System32\CRYPT32.dll
0x00007ff80c510000 - 0x00007ff80c537000 	C:\WINDOWS\SYSTEM32\ncrypt.dll
0x00007ff80c4d0000 - 0x00007ff80c50b000 	C:\WINDOWS\SYSTEM32\NTASN1.dll
0x00007ff8009b0000 - 0x00007ff8009d5000 	C:\Users\ukollu\.p2\pool\plugins\org.eclipse.justj.openjdk.hotspot.jre.full.win32.x86_64_14.0.2.v20200815-0932\jre\bin\sunec.dll
0x00007ff8045c0000 - 0x00007ff8045d0000 	C:\Users\ukollu\.p2\pool\plugins\org.eclipse.justj.openjdk.hotspot.jre.full.win32.x86_64_14.0.2.v20200815-0932\jre\bin\verify.dll

dbghelp: loaded successfully - version: 4.0.5 - missing functions: none
symbol engine: initialized successfully - sym options: 0x614 - pdb path: .;C:\Users\ukollu\.p2\pool\plugins\org.eclipse.justj.openjdk.hotspot.jre.full.win32.x86_64_14.0.2.v20200815-0932\jre\bin;C:\WINDOWS\SYSTEM32;C:\WINDOWS\WinSxS\amd64_microsoft.windows.common-controls_6595b64144ccf1df_6.0.19041.746_none_ca02b4b61b8320a4;C:\Users\ukollu\.p2\pool\plugins\org.eclipse.justj.openjdk.hotspot.jre.full.win32.x86_64_14.0.2.v20200815-0932\jre\bin\server

VM Arguments:
jvm_args: -XX:+ShowCodeDetailsInExceptionMessages -agentlib:jdwp=transport=dt_socket,suspend=y,address=localhost:64725 -ea -Dfile.encoding=Cp1252 
java_command: org.testng.remote.RemoteTestNG -serport 64723 -protocol json -d C:\Users\ukollu\eclipse-workspace\i4_FrontDesk\test-output C:\Users\ukollu\AppData\Local\Temp\testng-eclipse-1423123502\testng-customsuite.xml
java_class_path (initial): C:\Users\ukollu\eclipse\java-2020-09\eclipse\configuration\org.eclipse.osgi\431\0\.cp\lib\testng-remote.jar;C:\Users\ukollu\eclipse-workspace\i4_FrontDesk\target\test-classes;C:\Users\ukollu\eclipse-workspace\i4_FrontDesk\target\classes;C:\Users\ukollu\.m2\repository\junit\junit\3.8.1\junit-3.8.1.jar;C:\Users\ukollu\.p2\pool\plugins\org.testng_7.3.0.r202008060316.jar;C:\Users\ukollu\.p2\pool\plugins\com.beust.jcommander_1.78.0.jar;C:\Users\ukollu\.p2\pool\plugins\org.apache-extras.beanshell.bsh_2.0.0.b6.jar;C:\Users\ukollu\.p2\pool\plugins\org.yaml.snakeyaml_1.21.0.jar;C:\Users\ukollu\eclipse-workspace\i4_FrontDesk\src\main\java\Selenium\byte-buddy-1.8.15.jar;C:\Users\ukollu\eclipse-workspace\i4_FrontDesk\src\main\java\Selenium\client-combined-3.141.59.jar;C:\Users\ukollu\eclipse-workspace\i4_FrontDesk\src\main\java\Selenium\client-combined-3.141.59-sources.jar;C:\Users\ukollu\eclipse-workspace\i4_FrontDesk\src\main\java\Selenium\commons-exec-1.3.jar;C:\Users\ukollu\eclipse-workspace\i4_FrontDesk\src\main\java\Selenium\guava-25.0-jre.jar;C:\Users\ukollu\eclipse-workspace\i4_FrontDesk\src\main\java\Selenium\okhttp-3.11.0.jar;C:\Users\ukollu\eclipse-workspace\i4_FrontDesk\src\main\java\Selenium\okio-1.14.0.jar;C:\Users\ukollu\eclipse-workspace\i4_FrontDesk\src\main\java\Selenium\selenium-server-standalone-3.141.59.jar;C:\Users\ukollu\.m2\repository\org\testng\testng\7.3.0\testng-7.3.0.jar;C:\Users\ukollu\.m2\repository\com\beust\jcommander\1.78\jcommander-1.78.jar;C:\Users\ukollu\.m2\repository\org\apache\ant\ant\1.10.3\ant-1.10.3.jar;C:\Users\ukollu\.m2\repository\org\apache\ant\ant-launcher\1.10.3\ant-launcher-1.10.3.jar;C:\Users\ukollu\.m2\repository\com\google\inject\guice\4.2.2\guice-4.2.2-no_aop.jar;C:\Users\ukollu\.m2\repository\javax\inject\javax.inject\1\javax.inject-1.jar;C:\Users\ukollu\.m2\repository\aopalliance\aopalliance\1.0\aopalliance-1.0.jar;C:\Users\ukollu\.m2\repository\org\yaml\snakeyaml\1.21\snakeyaml-1.21.jar;C:\User
Launcher Type: SUN_STANDARD

[Global flags]
     intx CICompilerCount                          = 2                                         {product} {ergonomic}
     uint ConcGCThreads                            = 1                                         {product} {ergonomic}
     uint G1ConcRefinementThreads                  = 2                                         {product} {ergonomic}
   size_t G1HeapRegionSize                         = 1048576                                   {product} {ergonomic}
    uintx GCDrainStackTargetSize                   = 64                                        {product} {ergonomic}
   size_t InitialHeapSize                          = 134217728                                 {product} {ergonomic}
   size_t MarkStackSize                            = 4194304                                   {product} {ergonomic}
   size_t MaxHeapSize                              = 2147483648                                {product} {ergonomic}
   size_t MaxNewSize                               = 1287651328                                {product} {ergonomic}
   size_t MinHeapDeltaBytes                        = 1048576                                   {product} {ergonomic}
   size_t MinHeapSize                              = 8388608                                   {product} {ergonomic}
    uintx NonNMethodCodeHeapSize                   = 5826188                                {pd product} {ergonomic}
    uintx NonProfiledCodeHeapSize                  = 122916026                              {pd product} {ergonomic}
    uintx ProfiledCodeHeapSize                     = 122916026                              {pd product} {ergonomic}
    uintx ReservedCodeCacheSize                    = 251658240                              {pd product} {ergonomic}
     bool SegmentedCodeCache                       = true                                      {product} {ergonomic}
     bool ShowCodeDetailsInExceptionMessages       = true                                   {manageable} {command line}
   size_t SoftMaxHeapSize                          = 2147483648                             {manageable} {ergonomic}
     bool UseCompressedClassPointers               = true                                 {lp64_product} {ergonomic}
     bool UseCompressedOops                        = true                                 {lp64_product} {ergonomic}
     bool UseG1GC                                  = true                                      {product} {ergonomic}
     bool UseLargePagesIndividualAllocation        = false                                  {pd product} {ergonomic}

Logging:
Log output configuration:
 #0: stdout all=warning uptime,level,tags
 #1: stderr all=off uptime,level,tags

Environment Variables:
JAVA_HOME=C:\Program Files\Java\jdk-15
PATH=C:\Users\ukollu\.p2\pool\plugins\org.eclipse.justj.openjdk.hotspot.jre.full.win32.x86_64_14.0.2.v20200815-0932\jre\bin;C:/Users/ukollu/.p2/pool/plugins/org.eclipse.justj.openjdk.hotspot.jre.full.win32.x86_64_15.0.1.v20201027-0507/jre/bin/server;C:/Users/ukollu/.p2/pool/plugins/org.eclipse.justj.openjdk.hotspot.jre.full.win32.x86_64_15.0.1.v20201027-0507/jre/bin;C:\Program Files (x86)\Common Files\Oracle\Java\javapath;C:\Program Files\Common Files\Oracle\Java\javapath;C:\WINDOWS\system32;C:\WINDOWS;C:\WINDOWS\System32\Wbem;C:\WINDOWS\System32\WindowsPowerShell\v1.0\;C:\WINDOWS\System32\OpenSSH\;C:\Users\ukollu\AppData\Local\Microsoft\WindowsApps;C:\Users\ukollu\AppData\Local\GitHubDesktop\bin;C:\WINDOWS\system32;
USERNAME=ukollu
OS=Windows_NT
PROCESSOR_IDENTIFIER=Intel64 Family 6 Model 85 Stepping 4, GenuineIntel



---------------  S Y S T E M  ---------------

OS: Windows 10 , 64 bit Build 19041 (10.0.19041.662)
OS uptime: 3 days 20:58 hours
VMWare virtualization detected

CPU:total 2 (initial active 2) (2 cores per cpu, 1 threads per core) family 6 model 85 stepping 4, cmov, cx8, fxsr, mmx, sse, sse2, sse3, ssse3, sse4.1, sse4.2, popcnt, avx, avx2, aes, clmul, erms, rtm, 3dnowpref, lzcnt, tsc, tscinvbit, bmi1, bmi2, adx, fma

Memory: 4k page, system-wide physical 8190M (2353M free)
TotalPageFile size 11454M (AvailPageFile size 1590M)
current process WorkingSet (physical memory assigned to process): 49M, peak: 95M
current process commit charge ("private bytes"): 122M, peak: 222M

vm_info: OpenJDK 64-Bit Server VM (14.0.2+12-46) for windows-amd64 JRE (14.0.2+12-46), built on Jul  9 2020 00:31:16 by "mach5one" with MS VC++ 15.9 (VS2017)

END.
