#
# A fatal error has been detected by the Java Runtime Environment:
#
#  EXCEPTION_ACCESS_VIOLATION (0xc0000005) at pc=0x00007ffff7d8eefc, pid=40036, tid=37932
#
# JRE version: OpenJDK Runtime Environment (14.0.2+12) (build 14.0.2+12-46)
# Java VM: OpenJDK 64-Bit Server VM (14.0.2+12-46, mixed mode, tiered, compressed oops, g1 gc, windows-amd64)
# Problematic frame:
# V  [jvm.dll+0x2eeefc]
#
# No core dump will be written. Minidumps are not enabled by default on client versions of Windows
#
# If you would like to submit a bug report, please visit:
#   https://bugreport.java.com/bugreport/crash.jsp
#

---------------  S U M M A R Y ------------

Command Line: -XX:+ShowCodeDetailsInExceptionMessages -agentlib:jdwp=transport=dt_socket,suspend=y,address=localhost:55348 -ea -Dfile.encoding=Cp1252 org.testng.remote.RemoteTestNG -serport 55347 -protocol json -d C:\Users\ukollu\eclipse-workspace\i4_FrontDesk\test-output C:\Users\ukollu\AppData\Local\Temp\testng-eclipse-612004089\testng-customsuite.xml

Host: Intel(R) Xeon(R) Gold 5118 CPU @ 2.30GHz, 2 cores, 7G,  Windows 10 , 64 bit Build 19041 (10.0.19041.662)
Time: Wed Mar 17 11:46:13 2021 Eastern Daylight Time elapsed time: 1654 seconds (0d 0h 27m 34s)

---------------  T H R E A D  ---------------

Current thread (0x0000018684cd6800):  JavaThread "JDWP Transport Listener: dt_socket" daemon [_thread_in_vm, id=37932, stack(0x00000006b4300000,0x00000006b4400000)] _threads_hazard_ptr=0x00000186858e5100

Stack: [0x00000006b4300000,0x00000006b4400000],  sp=0x00000006b43febd0,  free space=1018k
Native frames: (J=compiled Java code, j=interpreted, Vv=VM code, C=native code)
V  [jvm.dll+0x2eeefc]
V  [jvm.dll+0x2f0fbd]
V  [jvm.dll+0x2f18fe]
V  [jvm.dll+0x2ef19c]
V  [jvm.dll+0x2ee3d2]
V  [jvm.dll+0x5e7b55]
V  [jvm.dll+0x5e78dd]
V  [jvm.dll+0x5af8e3]
V  [jvm.dll+0x739aef]
V  [jvm.dll+0x4bee61]
V  [jvm.dll+0x74908b]
V  [jvm.dll+0x4a54ee]
V  [jvm.dll+0x46ee7b]
C  [jdwp.dll+0x751f]


siginfo: EXCEPTION_ACCESS_VIOLATION (0xc0000005), reading address 0x0000000000000006


Register to memory mapping:

RIP=0x00007ffff7d8eefc jvm.dll
RAX=0x0 is NULL
RBX=0x00000006b43fee80 is pointing into the stack for thread: 0x0000018684cd6800
RCX=0x0 is NULL
RDX=0x0 is NULL
RSP=0x00000006b43febd0 is pointing into the stack for thread: 0x0000018684cd6800
RBP=0x0 is NULL
RSI=0x0000000000000001 is an unknown value
RDI=0x00007ffff84dfe48 jvm.dll
R8 =0x0 is NULL
R9 =0x0000018685ce9108 is pointing into metadata
R10=0x00007ffff7aa0000 jvm.dll
R11=0x00000186854212f0 points into unknown readable memory: 00 00 00 47 ff ff ff 8f
R12=0x0000018685421270 points into unknown readable memory: 00 af 5d 80 00 00 00 00
R13=0x0 is NULL
R14=0x0000018685cea3db is pointing into metadata
R15=0x0000000000000286 is an unknown value


Registers:
RAX=0x0000000000000000, RBX=0x00000006b43fee80, RCX=0x0000000000000000, RDX=0x0000000000000000
RSP=0x00000006b43febd0, RBP=0x0000000000000000, RSI=0x0000000000000001, RDI=0x00007ffff84dfe48
R8 =0x0000000000000000, R9 =0x0000018685ce9108, R10=0x00007ffff7aa0000, R11=0x00000186854212f0
R12=0x0000018685421270, R13=0x0000000000000000, R14=0x0000018685cea3db, R15=0x0000000000000286
RIP=0x00007ffff7d8eefc, EFLAGS=0x0000000000010202

Top of Stack: (sp=0x00000006b43febd0)
0x00000006b43febd0:   00000006b43fee80 00007ffff7d91f93
0x00000006b43febe0:   00000006b43fee80 0000000000000000
0x00000006b43febf0:   00000006b43fec50 00007ffff7ba8d6e
0x00000006b43fec00:   0000018685cea7e0 00007ff80ced272b
0x00000006b43fec10:   000090f86a7bb099 0000000000000378
0x00000006b43fec20:   0000018685cea3db 00000006b43fece0
0x00000006b43fec30:   00000006b43fee80 00007ffff7d90fbd
0x00000006b43fec40:   0000000000000002 0000000000000003
0x00000006b43fec50:   00000006b43fed10 00007ffff7da350a
0x00000006b43fec60:   0000000600000003 6666666666666667
0x00000006b43fec70:   0000018684000000 00000006000000b1
0x00000006b43fec80:   00000006b43fece0 00007ffff7ba8d6e
0x00000006b43fec90:   0000018685cea7e0 0000018685421340
0x00000006b43feca0:   0000000000000286 00000000000000cd
0x00000006b43fecb0:   00000000000000b4 00007ffff7d918fe
0x00000006b43fecc0:   00000006b43fee80 00000006b43fed10 

Instructions: (pc=0x00007ffff7d8eefc)
0x00007ffff7d8edfc:   81 8b 75 58 41 81 e0 ff ff ff 00 41 81 c8 00 00
0x00007ffff7d8ee0c:   00 47 48 8b cd 45 89 06 c7 45 58 01 00 00 00 e8
0x00007ffff7d8ee1c:   20 3a 00 00 66 83 7c 24 68 00 41 89 1e 89 75 58
0x00007ffff7d8ee2c:   74 40 8b 4c 24 70 49 ff c7 0f b7 c1 48 83 c7 08
0x00007ffff7d8ee3c:   4c 3b f8 0f 8c 4b ff ff ff 83 7d 5c 00 74 23 48
0x00007ffff7d8ee4c:   83 3d fd 10 75 00 00 74 15 80 7d 42 00 74 0f 48
0x00007ffff7d8ee5c:   8d 15 06 6c 56 00 48 8b cd e8 76 44 00 00 c6 45
0x00007ffff7d8ee6c:   42 00 4c 8b 74 24 28 4c 8b 6c 24 30 4c 8b 64 24
0x00007ffff7d8ee7c:   38 48 8b 7c 24 40 48 8b 74 24 48 48 8b 5c 24 60
0x00007ffff7d8ee8c:   4c 8b 7c 24 20 48 83 c4 50 5d c3 cc cc cc cc cc
0x00007ffff7d8ee9c:   cc cc cc cc 48 89 5c 24 10 48 89 6c 24 18 56 57
0x00007ffff7d8eeac:   41 56 48 83 ec 50 48 8b 05 3f 49 70 00 48 33 c4
0x00007ffff7d8eebc:   48 89 44 24 40 48 8b 41 08 48 8b d9 41 8b e8 8b
0x00007ffff7d8eecc:   f2 45 33 c0 41 8b d1 48 8b 48 08 48 8b 79 08 48
0x00007ffff7d8eedc:   8b cf e8 7d 77 f1 ff 8b d0 48 8b cf e8 c3 a0 f1
0x00007ffff7d8eeec:   ff 48 63 c8 48 8b 44 cf 40 48 8d 3d 4c 0f 75 00
0x00007ffff7d8eefc:   0f b6 48 06 8b 05 3e 0f 75 00 80 f9 4c 74 2b 80
0x00007ffff7d8ef0c:   f9 5b 74 26 80 f9 4a 74 18 80 f9 44 74 13 80 f9
0x00007ffff7d8ef1c:   56 48 8d 15 34 0f 75 00 4c 8b d7 4c 0f 45 d2 eb
0x00007ffff7d8ef2c:   29 4c 8d 15 54 0f 75 00 eb 20 8b 8c 24 90 00 00
0x00007ffff7d8ef3c:   00 4c 8d 54 24 30 81 e1 ff ff ff 00 89 44 24 34
0x00007ffff7d8ef4c:   81 c9 00 00 00 46 89 4c 24 30 45 33 c0 85 f6 74
0x00007ffff7d8ef5c:   05 49 8b fa eb 2a 41 8b 0a 85 c9 74 23 49 8b d0
0x00007ffff7d8ef6c:   4d 8b c8 90 42 89 4c 0c 20 48 8d 52 01 4c 8d 0c
0x00007ffff7d8ef7c:   95 00 00 00 00 41 ff c0 43 8b 0c 11 85 c9 75 e4
0x00007ffff7d8ef8c:   85 ed 75 10 8b 0d ee 13 6d 00 49 63 d0 41 ff c0
0x00007ffff7d8ef9c:   89 4c 94 20 49 63 c8 4c 8d 74 24 20 89 44 8c 20
0x00007ffff7d8efac:   8b 74 24 20 85 f6 74 4c 48 63 53 58 85 d2 7f 18
0x00007ffff7d8efbc:   48 8d 15 6d 82 52 00 48 8b cb e8 15 4e 00 00 44
0x00007ffff7d8efcc:   8b 05 7e 0e 75 00 eb 16 48 63 4b 20 8d 42 ff 89
0x00007ffff7d8efdc:   43 58 48 03 ca 48 8b 43 48 44 8b 44 88 fc 8b d6
0x00007ffff7d8efec:   48 8b cb e8 1c f1 ff ff 41 8b 76 04 49 83 c6 04 


Stack slot to memory mapping:
stack at sp + 0 slots: 0x00000006b43fee80 is pointing into the stack for thread: 0x0000018684cd6800
stack at sp + 1 slots: 0x00007ffff7d91f93 jvm.dll
stack at sp + 2 slots: 0x00000006b43fee80 is pointing into the stack for thread: 0x0000018684cd6800
stack at sp + 3 slots: 0x0 is NULL
stack at sp + 4 slots: 0x00000006b43fec50 is pointing into the stack for thread: 0x0000018684cd6800
stack at sp + 5 slots: 0x00007ffff7ba8d6e jvm.dll
stack at sp + 6 slots: {method} {0x0000018685cea7e8} 'addguest' '()V' in 'FrontDesk/Addguesttest'
stack at sp + 7 slots: 0x00007ff80ced272b ucrtbase.dll


---------------  P R O C E S S  ---------------

Threads class SMR info:
_java_thread_list=0x00000186858e5100, length=19, elements={
0x00000186ea935000, 0x0000018684b10800, 0x0000018684b19800, 0x0000018684302800,
0x0000018684305800, 0x0000018684306800, 0x000001868430c800, 0x0000018684bb7000,
0x0000018684bbb800, 0x0000018684cd6800, 0x0000018684cd7800, 0x0000018684cd9000,
0x0000018684ceb000, 0x0000018684d01800, 0x00000186860d4800, 0x00000186861e1800,
0x00000186860d6800, 0x000001868611e000, 0x00000186861ff800
}

Java Threads: ( => current thread )
  0x00000186ea935000 JavaThread "main" [_thread_blocked, id=38596, stack(0x00000006b3300000,0x00000006b3400000)]
  0x0000018684b10800 JavaThread "Reference Handler" daemon [_thread_blocked, id=33800, stack(0x00000006b3b00000,0x00000006b3c00000)]
  0x0000018684b19800 JavaThread "Finalizer" daemon [_thread_blocked, id=35400, stack(0x00000006b3c00000,0x00000006b3d00000)]
  0x0000018684302800 JavaThread "Signal Dispatcher" daemon [_thread_blocked, id=37352, stack(0x00000006b3d00000,0x00000006b3e00000)]
  0x0000018684305800 JavaThread "Attach Listener" daemon [_thread_blocked, id=37388, stack(0x00000006b3e00000,0x00000006b3f00000)]
  0x0000018684306800 JavaThread "Service Thread" daemon [_thread_blocked, id=38464, stack(0x00000006b3f00000,0x00000006b4000000)]
  0x000001868430c800 JavaThread "C2 CompilerThread0" daemon [_thread_blocked, id=38084, stack(0x00000006b4000000,0x00000006b4100000)]
  0x0000018684bb7000 JavaThread "C1 CompilerThread0" daemon [_thread_blocked, id=40220, stack(0x00000006b4100000,0x00000006b4200000)]
  0x0000018684bbb800 JavaThread "Sweeper thread" daemon [_thread_blocked, id=40240, stack(0x00000006b4200000,0x00000006b4300000)]
=>0x0000018684cd6800 JavaThread "JDWP Transport Listener: dt_socket" daemon [_thread_in_vm, id=37932, stack(0x00000006b4300000,0x00000006b4400000)]
  0x0000018684cd7800 JavaThread "JDWP Event Helper Thread" daemon [_thread_blocked, id=40532, stack(0x00000006b4400000,0x00000006b4500000)]
  0x0000018684cd9000 JavaThread "JDWP Command Reader" daemon [_thread_in_native, id=36732, stack(0x00000006b4500000,0x00000006b4600000)]
  0x0000018684ceb000 JavaThread "Notification Thread" daemon [_thread_blocked, id=1056, stack(0x00000006b4600000,0x00000006b4700000)]
  0x0000018684d01800 JavaThread "Common-Cleaner" daemon [_thread_blocked, id=33532, stack(0x00000006b4800000,0x00000006b4900000)]
  0x00000186860d4800 JavaThread "Exec Default Executor" daemon [_thread_in_native, id=38784, stack(0x00000006b4c00000,0x00000006b4d00000)]
  0x00000186861e1800 JavaThread "Exec Stream Pumper" daemon [_thread_in_native, id=38412, stack(0x00000006b4e00000,0x00000006b4f00000)]
  0x00000186860d6800 JavaThread "Exec Stream Pumper" daemon [_thread_in_native, id=40276, stack(0x00000006b4f00000,0x00000006b5000000)]
  0x000001868611e000 JavaThread "ForkJoinPool.commonPool-worker-3" daemon [_thread_blocked, id=15760, stack(0x00000006b5100000,0x00000006b5200000)]
  0x00000186861ff800 JavaThread "Okio Watchdog" daemon [_thread_blocked, id=14168, stack(0x00000006b5300000,0x00000006b5400000)]

Other Threads:
  0x00000186842cd000 VMThread "VM Thread" [stack: 0x00000006b3a00000,0x00000006b3b00000] [id=26420]
  0x0000018684ce6000 WatcherThread [stack: 0x00000006b4700000,0x00000006b4800000] [id=40392]
  0x00000186ea975800 GCTaskThread "GC Thread#0" [stack: 0x00000006b3500000,0x00000006b3600000] [id=39328]
  0x000001868557c000 GCTaskThread "GC Thread#1" [stack: 0x00000006b4900000,0x00000006b4a00000] [id=34404]
  0x00000186ea987000 ConcurrentGCThread "G1 Main Marker" [stack: 0x00000006b3600000,0x00000006b3700000] [id=23604]
  0x00000186ea988800 ConcurrentGCThread "G1 Conc#0" [stack: 0x00000006b3700000,0x00000006b3800000] [id=39204]
  0x00000186eaa0a800 ConcurrentGCThread "G1 Refine#0" [stack: 0x00000006b3800000,0x00000006b3900000] [id=38688]
  0x00000186eaa0d000 ConcurrentGCThread "G1 Young RemSet Sampling" [stack: 0x00000006b3900000,0x00000006b3a00000] [id=32912]

Threads with active compile tasks:

VM state:not at safepoint (normal execution)

VM Mutex/Monitor currently owned by a thread: None

Heap address: 0x0000000080000000, size: 2048 MB, Compressed Oops mode: 32-bit
Narrow klass base: 0x0000000000000000, Narrow klass shift: 3
Compressed class space size: 1073741824 Address: 0x0000000100000000

Heap:
 garbage-first heap   total 30720K, used 12917K [0x0000000080000000, 0x0000000100000000)
  region size 1024K, 7 young (7168K), 2 survivors (2048K)
 Metaspace       used 24298K, capacity 24876K, committed 25008K, reserved 1071104K
  class space    used 2583K, capacity 2791K, committed 2816K, reserved 1048576K
Heap Regions: E=young(eden), S=young(survivor), O=old, HS=humongous(starts), HC=humongous(continues), CS=collection set, F=free, OA=open archive, CA=closed archive, TAMS=top-at-mark-start (previous, next)
|   0|0x0000000080000000, 0x0000000080100000, 0x0000000080100000|100%|HS|  |TAMS 0x0000000080100000, 0x0000000080000000| Complete 
|   1|0x0000000080100000, 0x0000000080200000, 0x0000000080200000|100%| O|  |TAMS 0x0000000080200000, 0x0000000080100000| Untracked 
|   2|0x0000000080200000, 0x0000000080300000, 0x0000000080300000|100%| O|  |TAMS 0x0000000080300000, 0x0000000080200000| Untracked 
|   3|0x0000000080300000, 0x0000000080400000, 0x0000000080400000|100%| O|  |TAMS 0x0000000080400000, 0x0000000080300000| Untracked 
|   4|0x0000000080400000, 0x000000008041b600, 0x0000000080500000| 10%| O|  |TAMS 0x000000008041b600, 0x0000000080400000| Untracked 
|   5|0x0000000080500000, 0x0000000080600000, 0x0000000080600000|100%| O|  |TAMS 0x0000000080500000, 0x0000000080500000| Untracked 
|   6|0x0000000080600000, 0x0000000080700000, 0x0000000080700000|100%| O|  |TAMS 0x0000000080600000, 0x0000000080600000| Untracked 
|   7|0x0000000080700000, 0x0000000080800000, 0x0000000080800000|100%| O|  |TAMS 0x0000000080700000, 0x0000000080700000| Untracked 
|   8|0x0000000080800000, 0x000000008083aa00, 0x0000000080900000| 22%| O|  |TAMS 0x0000000080800000, 0x0000000080800000| Untracked 
|   9|0x0000000080900000, 0x0000000080900000, 0x0000000080a00000|  0%| F|  |TAMS 0x0000000080900000, 0x0000000080900000| Untracked 
|  10|0x0000000080a00000, 0x0000000080a47680, 0x0000000080b00000| 27%| S|CS|TAMS 0x0000000080a00000, 0x0000000080a00000| Complete 
|  11|0x0000000080b00000, 0x0000000080c00000, 0x0000000080c00000|100%| S|CS|TAMS 0x0000000080b00000, 0x0000000080b00000| Complete 
|  12|0x0000000080c00000, 0x0000000080c00000, 0x0000000080d00000|  0%| F|  |TAMS 0x0000000080c00000, 0x0000000080c00000| Untracked 
|  13|0x0000000080d00000, 0x0000000080d00000, 0x0000000080e00000|  0%| F|  |TAMS 0x0000000080d00000, 0x0000000080d00000| Untracked 
|  14|0x0000000080e00000, 0x0000000080e00000, 0x0000000080f00000|  0%| F|  |TAMS 0x0000000080e00000, 0x0000000080e00000| Untracked 
|  15|0x0000000080f00000, 0x0000000080f00000, 0x0000000081000000|  0%| F|  |TAMS 0x0000000080f00000, 0x0000000080f00000| Untracked 
|  16|0x0000000081000000, 0x0000000081000000, 0x0000000081100000|  0%| F|  |TAMS 0x0000000081000000, 0x0000000081000000| Untracked 
|  17|0x0000000081100000, 0x0000000081100000, 0x0000000081200000|  0%| F|  |TAMS 0x0000000081100000, 0x0000000081100000| Untracked 
|  18|0x0000000081200000, 0x0000000081200000, 0x0000000081300000|  0%| F|  |TAMS 0x0000000081200000, 0x0000000081200000| Untracked 
|  19|0x0000000081300000, 0x0000000081300000, 0x0000000081400000|  0%| F|  |TAMS 0x0000000081300000, 0x0000000081300000| Untracked 
|  20|0x0000000081400000, 0x0000000081400000, 0x0000000081500000|  0%| F|  |TAMS 0x0000000081400000, 0x0000000081400000| Untracked 
|  21|0x0000000081500000, 0x0000000081500000, 0x0000000081600000|  0%| F|  |TAMS 0x0000000081500000, 0x0000000081500000| Untracked 
|  22|0x0000000081600000, 0x0000000081600000, 0x0000000081700000|  0%| F|  |TAMS 0x0000000081600000, 0x0000000081600000| Untracked 
|  23|0x0000000081700000, 0x0000000081700000, 0x0000000081800000|  0%| F|  |TAMS 0x0000000081700000, 0x0000000081700000| Untracked 
|  24|0x0000000081800000, 0x0000000081800000, 0x0000000081900000|  0%| F|  |TAMS 0x0000000081800000, 0x0000000081800000| Untracked 
|  25|0x0000000081900000, 0x000000008191a230, 0x0000000081a00000| 10%| E|  |TAMS 0x0000000081900000, 0x0000000081900000| Complete 
| 102|0x0000000086600000, 0x0000000086700000, 0x0000000086700000|100%| E|CS|TAMS 0x0000000086600000, 0x0000000086600000| Complete 
| 103|0x0000000086700000, 0x0000000086800000, 0x0000000086800000|100%| E|CS|TAMS 0x0000000086700000, 0x0000000086700000| Complete 
| 104|0x0000000086800000, 0x0000000086900000, 0x0000000086900000|100%| E|CS|TAMS 0x0000000086800000, 0x0000000086800000| Complete 
| 105|0x0000000086900000, 0x0000000086a00000, 0x0000000086a00000|100%| E|CS|TAMS 0x0000000086900000, 0x0000000086900000| Complete 

Card table byte_map: [0x00000186fd600000,0x00000186fda00000] _byte_map_base: 0x00000186fd200000

Marking Bits (Prev, Next): (CMBitMap*) 0x00000186ea9761d8, (CMBitMap*) 0x00000186ea976198
 Prev Bits: [0x0000018680000000, 0x0000018682000000)
 Next Bits: [0x00000186fde00000, 0x00000186ffe00000)

Polling page: 0x00000186e87c0000

Metaspace:

Usage:
  Non-class:     21.57 MB capacity,    21.21 MB ( 98%) used,   304.08 KB (  1%) free+waste,    65.75 KB ( <1%) overhead. 
      Class:      2.73 MB capacity,     2.52 MB ( 93%) used,   178.30 KB (  6%) free+waste,    29.63 KB (  1%) overhead. 
       Both:     24.29 MB capacity,    23.73 MB ( 98%) used,   482.38 KB (  2%) free+waste,    95.38 KB ( <1%) overhead. 

Virtual space:
  Non-class space:       22.00 MB reserved,      21.67 MB ( 99%) committed 
      Class space:        1.00 GB reserved,       2.75 MB ( <1%) committed 
             Both:        1.02 GB reserved,      24.42 MB (  2%) committed 

Chunk freelists:
   Non-Class:  43.00 KB
       Class:  0 bytes
        Both:  43.00 KB

MaxMetaspaceSize: 17179869184.00 GB
CompressedClassSpaceSize: 1.00 GB

CodeHeap 'non-profiled nmethods': size=120064Kb used=853Kb max_used=853Kb free=119210Kb
 bounds [0x00000186f60c0000, 0x00000186f6330000, 0x00000186fd600000]
CodeHeap 'profiled nmethods': size=120000Kb used=4662Kb max_used=4662Kb free=115337Kb
 bounds [0x00000186eeb90000, 0x00000186ef020000, 0x00000186f60c0000]
CodeHeap 'non-nmethods': size=5696Kb used=1333Kb max_used=1352Kb free=4362Kb
 bounds [0x00000186ee600000, 0x00000186ee870000, 0x00000186eeb90000]
 total_blobs=2879 nmethods=2358 adapters=433
 compilation: enabled
              stopped_count=0, restarted_count=0
 full_count=0

Compilation events (20 events):
Event: 44.812 Thread 0x0000018684bb7000 2349   !   3       okio.SegmentPool::recycle (94 bytes)
Event: 44.813 Thread 0x0000018684bb7000 nmethod 2349 0x00000186ef019190 code [0x00000186ef019380, 0x00000186ef019948]
Event: 44.933 Thread 0x000001868430c800 2350       4       java.util.Arrays::binarySearch0 (72 bytes)
Event: 44.935 Thread 0x000001868430c800 nmethod 2350 0x00000186f6193c10 code [0x00000186f6193dc0, 0x00000186f6193f78]
Event: 44.936 Thread 0x0000018684bb7000 2351       3       java.util.LinkedHashMap::<init> (11 bytes)
Event: 44.936 Thread 0x0000018684bb7000 nmethod 2351 0x00000186ef019b10 code [0x00000186ef019ce0, 0x00000186ef019e88]
Event: 44.936 Thread 0x0000018684bb7000 2352       3       java.util.HashMap::getOrDefault (23 bytes)
Event: 44.936 Thread 0x0000018684bb7000 nmethod 2352 0x00000186ef019f90 code [0x00000186ef01a160, 0x00000186ef01a4b8]
Event: 45.028 Thread 0x0000018684bb7000 2353       3       com.google.common.collect.ImmutableMap$Builder::<init> (23 bytes)
Event: 45.028 Thread 0x0000018684bb7000 nmethod 2353 0x00000186ef01a610 code [0x00000186ef01a7c0, 0x00000186ef01aa18]
Event: 45.030 Thread 0x000001868430c800 2354       4       okhttp3.Headers::value (11 bytes)
Event: 45.031 Thread 0x000001868430c800 nmethod 2354 0x00000186f6194090 code [0x00000186f6194240, 0x00000186f6194378]
Event: 45.152 Thread 0x0000018684bb7000 2355       3       okhttp3.Headers$Builder::addLenient (60 bytes)
Event: 45.153 Thread 0x000001868430c800 2358   !   4       java.io.StringReader::read (133 bytes)
Event: 45.153 Thread 0x0000018684bb7000 nmethod 2355 0x00000186ef01ab10 code [0x00000186ef01ae20, 0x00000186ef01bd98]
Event: 45.154 Thread 0x0000018684bb7000 2356       3       okhttp3.Response::<init> (104 bytes)
Event: 45.154 Thread 0x0000018684bb7000 nmethod 2356 0x00000186ef01c410 code [0x00000186ef01c5e0, 0x00000186ef01cbc8]
Event: 45.154 Thread 0x0000018684bb7000 2357   !   3       okhttp3.internal.Util::closeQuietly (29 bytes)
Event: 45.154 Thread 0x0000018684bb7000 nmethod 2357 0x00000186ef01cd90 code [0x00000186ef01cfc0, 0x00000186ef01d768]
Event: 45.159 Thread 0x000001868430c800 nmethod 2358 0x00000186f6194410 code [0x00000186f61946c0, 0x00000186f61951d8]

GC Heap History (10 events):
Event: 1.353 GC heap before
{Heap before GC invocations=0 (full 0):
 garbage-first heap   total 131072K, used 6144K [0x0000000080000000, 0x0000000100000000)
  region size 1024K, 6 young (6144K), 0 survivors (0K)
 Metaspace       used 7636K, capacity 7728K, committed 7936K, reserved 1056768K
  class space    used 670K, capacity 701K, committed 768K, reserved 1048576K
}
Event: 1.365 GC heap after
{Heap after GC invocations=1 (full 0):
 garbage-first heap   total 131072K, used 4157K [0x0000000080000000, 0x0000000100000000)
  region size 1024K, 1 young (1024K), 1 survivors (1024K)
 Metaspace       used 7636K, capacity 7728K, committed 7936K, reserved 1056768K
  class space    used 670K, capacity 701K, committed 768K, reserved 1048576K
}
Event: 1.982 GC heap before
{Heap before GC invocations=1 (full 0):
 garbage-first heap   total 131072K, used 8253K [0x0000000080000000, 0x0000000100000000)
  region size 1024K, 6 young (6144K), 1 survivors (1024K)
 Metaspace       used 12027K, capacity 12195K, committed 12288K, reserved 1060864K
  class space    used 1142K, capacity 1191K, committed 1280K, reserved 1048576K
}
Event: 1.987 GC heap after
{Heap after GC invocations=2 (full 0):
 garbage-first heap   total 131072K, used 4987K [0x0000000080000000, 0x0000000100000000)
  region size 1024K, 1 young (1024K), 1 survivors (1024K)
 Metaspace       used 12027K, capacity 12195K, committed 12288K, reserved 1060864K
  class space    used 1142K, capacity 1191K, committed 1280K, reserved 1048576K
}
Event: 2.288 GC heap before
{Heap before GC invocations=2 (full 0):
 garbage-first heap   total 131072K, used 12155K [0x0000000080000000, 0x0000000100000000)
  region size 1024K, 9 young (9216K), 1 survivors (1024K)
 Metaspace       used 14918K, capacity 15236K, committed 15488K, reserved 1062912K
  class space    used 1507K, capacity 1606K, committed 1664K, reserved 1048576K
}
Event: 2.294 GC heap after
{Heap after GC invocations=3 (full 0):
 garbage-first heap   total 131072K, used 5340K [0x0000000080000000, 0x0000000100000000)
  region size 1024K, 2 young (2048K), 2 survivors (2048K)
 Metaspace       used 14918K, capacity 15236K, committed 15488K, reserved 1062912K
  class space    used 1507K, capacity 1606K, committed 1664K, reserved 1048576K
}
Event: 3.501 GC heap before
{Heap before GC invocations=3 (full 0):
 garbage-first heap   total 131072K, used 24796K [0x0000000080000000, 0x0000000100000000)
  region size 1024K, 22 young (22528K), 2 survivors (2048K)
 Metaspace       used 20756K, capacity 21218K, committed 21296K, reserved 1069056K
  class space    used 2207K, capacity 2367K, committed 2432K, reserved 1048576K
}
Event: 3.510 GC heap after
{Heap after GC invocations=4 (full 0):
 garbage-first heap   total 131072K, used 7641K [0x0000000080000000, 0x0000000100000000)
  region size 1024K, 4 young (4096K), 4 survivors (4096K)
 Metaspace       used 20756K, capacity 21218K, committed 21296K, reserved 1069056K
  class space    used 2207K, capacity 2367K, committed 2432K, reserved 1048576K
}
Event: 24.693 GC heap before
{Heap before GC invocations=5 (full 0):
 garbage-first heap   total 30720K, used 21977K [0x0000000080000000, 0x0000000100000000)
  region size 1024K, 18 young (18432K), 4 survivors (4096K)
 Metaspace       used 23999K, capacity 24588K, committed 24752K, reserved 1071104K
  class space    used 2566K, capacity 2783K, committed 2816K, reserved 1048576K
}
Event: 24.704 GC heap after
{Heap after GC invocations=6 (full 0):
 garbage-first heap   total 30720K, used 8821K [0x0000000080000000, 0x0000000100000000)
  region size 1024K, 2 young (2048K), 2 survivors (2048K)
 Metaspace       used 23999K, capacity 24588K, committed 24752K, reserved 1071104K
  class space    used 2566K, capacity 2783K, committed 2816K, reserved 1048576K
}

Deoptimization events (20 events):
Event: 45.029 Thread 0x00000186ea935000 DEOPT PACKING pc=0x00000186eef501dc sp=0x00000006b33fc970
Event: 45.029 Thread 0x00000186ea935000 DEOPT UNPACKING pc=0x00000186ee64964e sp=0x00000006b33fbee0 mode 1
Event: 45.029 Thread 0x00000186ea935000 DEOPT PACKING pc=0x00000186eef88804 sp=0x00000006b33fc8e0
Event: 45.029 Thread 0x00000186ea935000 DEOPT UNPACKING pc=0x00000186ee64964e sp=0x00000006b33fbe30 mode 1
Event: 45.029 Thread 0x00000186ea935000 DEOPT PACKING pc=0x00000186eef501dc sp=0x00000006b33fc9f0
Event: 45.029 Thread 0x00000186ea935000 DEOPT UNPACKING pc=0x00000186ee64964e sp=0x00000006b33fbf60 mode 1
Event: 45.029 Thread 0x00000186ea935000 DEOPT PACKING pc=0x00000186eef88804 sp=0x00000006b33fc860
Event: 45.029 Thread 0x00000186ea935000 DEOPT UNPACKING pc=0x00000186ee64964e sp=0x00000006b33fbdb0 mode 1
Event: 45.029 Thread 0x00000186ea935000 DEOPT PACKING pc=0x00000186eef501dc sp=0x00000006b33fc970
Event: 45.029 Thread 0x00000186ea935000 DEOPT UNPACKING pc=0x00000186ee64964e sp=0x00000006b33fbee0 mode 1
Event: 45.029 Thread 0x00000186ea935000 DEOPT PACKING pc=0x00000186eef88804 sp=0x00000006b33fc8e0
Event: 45.029 Thread 0x00000186ea935000 DEOPT UNPACKING pc=0x00000186ee64964e sp=0x00000006b33fbe30 mode 1
Event: 45.029 Thread 0x00000186ea935000 DEOPT PACKING pc=0x00000186eef501dc sp=0x00000006b33fc9f0
Event: 45.029 Thread 0x00000186ea935000 DEOPT UNPACKING pc=0x00000186ee64964e sp=0x00000006b33fbf60 mode 1
Event: 45.029 Thread 0x00000186ea935000 DEOPT PACKING pc=0x00000186eef88804 sp=0x00000006b33fc860
Event: 45.029 Thread 0x00000186ea935000 DEOPT UNPACKING pc=0x00000186ee64964e sp=0x00000006b33fbdb0 mode 1
Event: 45.029 Thread 0x00000186ea935000 DEOPT PACKING pc=0x00000186eef501dc sp=0x00000006b33fc970
Event: 45.029 Thread 0x00000186ea935000 DEOPT UNPACKING pc=0x00000186ee64964e sp=0x00000006b33fbee0 mode 1
Event: 45.031 Thread 0x00000186ea935000 DEOPT PACKING pc=0x00000186eefedb54 sp=0x00000006b33fc3c0
Event: 45.031 Thread 0x00000186ea935000 DEOPT UNPACKING pc=0x00000186ee64964e sp=0x00000006b33fb8d0 mode 1

Classes unloaded (0 events):
No events

Classes redefined (6 events):
Event: 254.725 Thread 0x00000186842cd000 redefined class name=FrontDesk.Addguesttest, count=1
Event: 372.571 Thread 0x00000186842cd000 redefined class name=FrontDesk.Addguesttest, count=2
Event: 560.363 Thread 0x00000186842cd000 redefined class name=FrontDesk.Addguesttest, count=3
Event: 791.906 Thread 0x00000186842cd000 redefined class name=FrontDesk.Addguesttest, count=4
Event: 877.755 Thread 0x00000186842cd000 redefined class name=FrontDesk.Addguesttest, count=5
Event: 1572.934 Thread 0x00000186842cd000 redefined class name=FrontDesk.Addguesttest, count=6

Internal exceptions (20 events):
Event: 2.577 Thread 0x00000186ea935000 Exception <a 'java/lang/IncompatibleClassChangeError'{0x00000000878b3f40}: Found class java.lang.Object, but interface was expected> (0x00000000878b3f40) 
thrown [./open/src/hotspot/share/interpreter/linkResolver.cpp, line 832]
Event: 2.578 Thread 0x00000186ea935000 Exception <a 'java/lang/NoSuchMethodError'{0x00000000878b6d80}: 'void java.lang.invoke.DirectMethodHandle$Holder.invokeStaticInit(java.lang.Object, java.lang.Object)'> (0x00000000878b6d80) 
thrown [./open/src/hotspot/share/interpreter/linkResolver.cpp, line 766]
Event: 2.789 Thread 0x00000186860d4800 Exception <a 'java/lang/NoSuchMethodError'{0x00000000871104f8}: 'void java.lang.invoke.DirectMethodHandle$Holder.invokeStatic(java.lang.Object, long)'> (0x00000000871104f8) 
thrown [./open/src/hotspot/share/interpreter/linkResolver.cpp, line 766]
Event: 2.792 Thread 0x00000186860d4800 Exception <a 'java/lang/NoSuchMethodError'{0x000000008711a588}: 'java.lang.Object java.lang.invoke.DirectMethodHandle$Holder.invokeStaticInit(java.lang.Object, java.lang.Object, long, java.lang.Object)'> (0x000000008711a588) 
thrown [./open/src/hotspot/share/interpreter/linkResolver.cpp, line 766]
Event: 2.792 Thread 0x00000186860d4800 Exception <a 'java/lang/NoSuchMethodError'{0x000000008711f9e8}: 'java.lang.Object java.lang.invoke.Invokers$Holder.linkToTargetMethod(java.lang.Object, long, java.lang.Object)'> (0x000000008711f9e8) 
thrown [./open/src/hotspot/share/interpreter/linkResolver.cpp, line 766]
Event: 3.332 Thread 0x00000186ea935000 Exception <a 'java/lang/NoSuchMethodError'{0x0000000086f071d8}: 'java.lang.Object java.lang.invoke.DirectMethodHandle$Holder.invokeInterface(java.lang.Object, java.lang.Object, java.lang.Object)'> (0x0000000086f071d8) 
thrown [./open/src/hotspot/share/interpreter/linkResolver.cpp, line 766]
Event: 3.333 Thread 0x00000186ea935000 Exception <a 'java/lang/IncompatibleClassChangeError'{0x0000000086f0a248}: Found class java.lang.Object, but interface was expected> (0x0000000086f0a248) 
thrown [./open/src/hotspot/share/interpreter/linkResolver.cpp, line 832]
Event: 3.337 Thread 0x00000186ea935000 Exception <a 'java/lang/NoSuchMethodError'{0x0000000086f128a0}: 'int java.lang.invoke.DirectMethodHandle$Holder.invokeSpecialIFC(java.lang.Object, java.lang.Object, java.lang.Object, java.lang.Object)'> (0x0000000086f128a0) 
thrown [./open/src/hotspot/share/interpreter/linkResolver.cpp, line 766]
Event: 3.348 Thread 0x00000186ea935000 Exception <a 'java/lang/NoSuchMethodError'{0x0000000086f788f0}: 'double java.lang.invoke.DirectMethodHandle$Holder.invokeVirtual(java.lang.Object, java.lang.Object)'> (0x0000000086f788f0) 
thrown [./open/src/hotspot/share/interpreter/linkResolver.cpp, line 766]
Event: 3.349 Thread 0x00000186ea935000 Exception <a 'java/lang/NoSuchMethodError'{0x0000000086f7e0b0}: 'float java.lang.invoke.DirectMethodHandle$Holder.invokeVirtual(java.lang.Object, java.lang.Object)'> (0x0000000086f7e0b0) 
thrown [./open/src/hotspot/share/interpreter/linkResolver.cpp, line 766]
Event: 3.349 Thread 0x00000186ea935000 Exception <a 'java/lang/NoSuchMethodError'{0x0000000086f85ce0}: 'long java.lang.invoke.DirectMethodHandle$Holder.invokeVirtual(java.lang.Object, java.lang.Object)'> (0x0000000086f85ce0) 
thrown [./open/src/hotspot/share/interpreter/linkResolver.cpp, line 766]
Event: 3.360 Thread 0x00000186ea935000 Exception <a 'java/lang/NoSuchMethodError'{0x0000000086fb0f00}: 'java.lang.Object java.lang.invoke.DirectMethodHandle$Holder.invokeVirtual(java.lang.Object, java.lang.Object, java.lang.Object)'> (0x0000000086fb0f00) 
thrown [./open/src/hotspot/share/interpreter/linkResolver.cpp, line 766]
Event: 3.375 Thread 0x00000186ea935000 Exception <a 'java/lang/NoSuchMethodError'{0x0000000086e25070}: 'void java.lang.invoke.DirectMethodHandle$Holder.invokeSpecial(java.lang.Object, java.lang.Object, java.lang.Object, java.lang.Object)'> (0x0000000086e25070) 
thrown [./open/src/hotspot/share/interpreter/linkResolver.cpp, line 766]
Event: 3.406 Thread 0x00000186ea935000 Exception <a 'java/lang/NoSuchMethodError'{0x0000000086ed8560}: 'void java.lang.invoke.DirectMethodHandle$Holder.invokeSpecial(java.lang.Object, java.lang.Object, java.lang.Object, java.lang.Object, java.lang.Object)'> (0x0000000086ed8560) 
thrown [./open/src/hotspot/share/interpreter/linkResolver.cpp, line 766]
Event: 4.767 Thread 0x00000186ea935000 Exception <a 'java/lang/NoSuchMethodError'{0x000000008148ceb0}: 'java.lang.Object java.lang.invoke.DirectMethodHandle$Holder.invokeSpecialIFC(java.lang.Object, java.lang.Object, java.lang.Object)'> (0x000000008148ceb0) 
thrown [./open/src/hotspot/share/interpreter/linkResolver.cpp, line 766]
Event: 4.801 Thread 0x00000186ea935000 Exception <a 'java/lang/NoSuchMethodError'{0x0000000081318548}: 'java.lang.Object java.lang.invoke.DirectMethodHandle$Holder.invokeStatic(java.lang.Object, int, java.lang.Object)'> (0x0000000081318548) 
thrown [./open/src/hotspot/share/interpreter/linkResolver.cpp, line 766]
Event: 4.813 Thread 0x00000186ea935000 Exception <a 'java/lang/ClassNotFoundException'{0x0000000081340f90}: sun/util/logging/resources/spi/loggingProvider> (0x0000000081340f90) 
thrown [./open/src/hotspot/share/classfile/systemDictionary.cpp, line 226]
Event: 5.632 Thread 0x00000186ea935000 Exception <a 'java/lang/NoSuchMethodError'{0x00000000812eb4d8}: 'void java.lang.invoke.DirectMethodHandle$Holder.invokeInterface(java.lang.Object, java.lang.Object)'> (0x00000000812eb4d8) 
thrown [./open/src/hotspot/share/interpreter/linkResolver.cpp, line 766]
Event: 26.716 Thread 0x00000186ea935000 Exception <a 'java/lang/NoSuchMethodError'{0x00000000869ba160}: 'java.lang.Object java.lang.invoke.DirectMethodHandle$Holder.invokeSpecialIFC(java.lang.Object, java.lang.Object)'> (0x00000000869ba160) 
thrown [./open/src/hotspot/share/interpreter/linkResolver.cpp, line 766]
Event: 26.717 Thread 0x00000186ea935000 Exception <a 'java/lang/NoSuchMethodError'{0x00000000869bfea8}: 'void java.lang.invoke.DirectMethodHandle$Holder.invokeSpecial(java.lang.Object, java.lang.Object, int)'> (0x00000000869bfea8) 
thrown [./open/src/hotspot/share/interpreter/linkResolver.cpp, line 766]

Events (20 events):
Event: 1572.959 Executing VM operation: ChangeBreakpoints
Event: 1572.961 Executing VM operation: ChangeBreakpoints done
Event: 1572.963 Executing VM operation: GetFrameCount
Event: 1572.963 Executing VM operation: GetFrameCount done
Event: 1572.963 Executing VM operation: GetStackTrace
Event: 1572.963 Executing VM operation: GetStackTrace done
Event: 1577.010 Executing VM operation: ChangeBreakpoints
Event: 1577.010 Executing VM operation: ChangeBreakpoints done
Event: 1582.084 Executing VM operation: ChangeBreakpoints
Event: 1582.085 Executing VM operation: ChangeBreakpoints done
Event: 1606.426 Executing VM operation: GetCurrentContendedMonitor
Event: 1606.426 Executing VM operation: GetCurrentContendedMonitor done
Event: 1606.426 Executing VM operation: GetOwnedMonitorInfo
Event: 1606.426 Executing VM operation: GetOwnedMonitorInfo done
Event: 1653.011 Executing VM operation: GetCurrentContendedMonitor
Event: 1653.011 Executing VM operation: GetCurrentContendedMonitor done
Event: 1653.011 Executing VM operation: GetOwnedMonitorInfo
Event: 1653.012 Executing VM operation: GetOwnedMonitorInfo done
Event: 1654.165 Executing VM operation: GetFrameLocation
Event: 1654.165 Executing VM operation: GetFrameLocation done


Dynamic libraries:
0x00007ff6dc1a0000 - 0x00007ff6dc1ad000 	C:\Users\ukollu\.p2\pool\plugins\org.eclipse.justj.openjdk.hotspot.jre.full.win32.x86_64_14.0.2.v20200815-0932\jre\bin\javaw.exe
0x00007ff80f3d0000 - 0x00007ff80f5c6000 	C:\WINDOWS\SYSTEM32\ntdll.dll
0x00007ff80e370000 - 0x00007ff80e42d000 	C:\WINDOWS\System32\KERNEL32.DLL
0x00007ff80cb10000 - 0x00007ff80cdd9000 	C:\WINDOWS\System32\KERNELBASE.dll
0x00007ff80cec0000 - 0x00007ff80cfc0000 	C:\WINDOWS\System32\ucrtbase.dll
0x00007ff804de0000 - 0x00007ff804df8000 	C:\Users\ukollu\.p2\pool\plugins\org.eclipse.justj.openjdk.hotspot.jre.full.win32.x86_64_14.0.2.v20200815-0932\jre\bin\jli.dll
0x00007ff80f170000 - 0x00007ff80f310000 	C:\WINDOWS\System32\USER32.dll
0x00007ff80cfc0000 - 0x00007ff80cfe2000 	C:\WINDOWS\System32\win32u.dll
0x00007ff80dd80000 - 0x00007ff80ddaa000 	C:\WINDOWS\System32\GDI32.dll
0x00007ff80d040000 - 0x00007ff80d14b000 	C:\WINDOWS\System32\gdi32full.dll
0x00007ff80d390000 - 0x00007ff80d42d000 	C:\WINDOWS\System32\msvcp_win.dll
0x00007ff804150000 - 0x00007ff804165000 	C:\Users\ukollu\.p2\pool\plugins\org.eclipse.justj.openjdk.hotspot.jre.full.win32.x86_64_14.0.2.v20200815-0932\jre\bin\VCRUNTIME140.dll
0x00007fffe2080000 - 0x00007fffe231b000 	C:\WINDOWS\WinSxS\amd64_microsoft.windows.common-controls_6595b64144ccf1df_6.0.19041.746_none_ca02b4b61b8320a4\COMCTL32.dll
0x00007ff80d9b0000 - 0x00007ff80da4e000 	C:\WINDOWS\System32\msvcrt.dll
0x00007ff80dc50000 - 0x00007ff80dc80000 	C:\WINDOWS\System32\IMM32.DLL
0x00007fffff190000 - 0x00007fffff22b000 	C:\Users\ukollu\.p2\pool\plugins\org.eclipse.justj.openjdk.hotspot.jre.full.win32.x86_64_14.0.2.v20200815-0932\jre\bin\msvcp140.dll
0x00007ffff7aa0000 - 0x00007ffff85be000 	C:\Users\ukollu\.p2\pool\plugins\org.eclipse.justj.openjdk.hotspot.jre.full.win32.x86_64_14.0.2.v20200815-0932\jre\bin\server\jvm.dll
0x00007ff80d900000 - 0x00007ff80d9ac000 	C:\WINDOWS\System32\ADVAPI32.dll
0x00007ff80de60000 - 0x00007ff80defc000 	C:\WINDOWS\System32\sechost.dll
0x00007ff80d7c0000 - 0x00007ff80d8eb000 	C:\WINDOWS\System32\RPCRT4.dll
0x00007ff80d430000 - 0x00007ff80d438000 	C:\WINDOWS\System32\PSAPI.DLL
0x00007fffff940000 - 0x00007fffff949000 	C:\WINDOWS\SYSTEM32\WSOCK32.dll
0x00007ff80db80000 - 0x00007ff80dbeb000 	C:\WINDOWS\System32\WS2_32.dll
0x00007fffffa50000 - 0x00007fffffa77000 	C:\WINDOWS\SYSTEM32\WINMM.dll
0x00007ff806120000 - 0x00007ff80612a000 	C:\WINDOWS\SYSTEM32\VERSION.dll
0x00007ff80b6f0000 - 0x00007ff80b702000 	C:\WINDOWS\SYSTEM32\kernel.appcore.dll
0x00007ff8045a0000 - 0x00007ff8045aa000 	C:\Users\ukollu\.p2\pool\plugins\org.eclipse.justj.openjdk.hotspot.jre.full.win32.x86_64_14.0.2.v20200815-0932\jre\bin\jimage.dll
0x00007ff80afa0000 - 0x00007ff80b184000 	C:\WINDOWS\SYSTEM32\DBGHELP.DLL
0x00007ff805f50000 - 0x00007ff805f7c000 	C:\WINDOWS\SYSTEM32\dbgcore.DLL
0x00007ff80ce40000 - 0x00007ff80cec0000 	C:\WINDOWS\System32\bcryptPrimitives.dll
0x00007ff8008c0000 - 0x00007ff8008f8000 	C:\Users\ukollu\.p2\pool\plugins\org.eclipse.justj.openjdk.hotspot.jre.full.win32.x86_64_14.0.2.v20200815-0932\jre\bin\jdwp.dll
0x00007ff800890000 - 0x00007ff8008b5000 	C:\Users\ukollu\.p2\pool\plugins\org.eclipse.justj.openjdk.hotspot.jre.full.win32.x86_64_14.0.2.v20200815-0932\jre\bin\java.dll
0x00007ff800ab0000 - 0x00007ff800ac6000 	C:\Users\ukollu\.p2\pool\plugins\org.eclipse.justj.openjdk.hotspot.jre.full.win32.x86_64_14.0.2.v20200815-0932\jre\bin\zip.dll
0x00007ff80e560000 - 0x00007ff80eca3000 	C:\WINDOWS\System32\SHELL32.dll
0x00007ff809e80000 - 0x00007ff80a60f000 	C:\WINDOWS\SYSTEM32\windows.storage.dll
0x00007ff80ee10000 - 0x00007ff80f166000 	C:\WINDOWS\System32\combase.dll
0x00007ff80c4a0000 - 0x00007ff80c4cc000 	C:\WINDOWS\SYSTEM32\Wldp.dll
0x00007ff80d710000 - 0x00007ff80d7be000 	C:\WINDOWS\System32\SHCORE.dll
0x00007ff80dab0000 - 0x00007ff80db05000 	C:\WINDOWS\System32\shlwapi.dll
0x00007ff80ca40000 - 0x00007ff80ca66000 	C:\WINDOWS\SYSTEM32\profapi.dll
0x00007ff804510000 - 0x00007ff80451b000 	C:\Users\ukollu\.p2\pool\plugins\org.eclipse.justj.openjdk.hotspot.jre.full.win32.x86_64_14.0.2.v20200815-0932\jre\bin\dt_socket.dll
0x00007ff80bf10000 - 0x00007ff80bf4b000 	C:\WINDOWS\SYSTEM32\IPHLPAPI.DLL
0x00007ff80c220000 - 0x00007ff80c28a000 	C:\WINDOWS\system32\mswsock.dll
0x00007ff80bf50000 - 0x00007ff80c01b000 	C:\WINDOWS\SYSTEM32\DNSAPI.dll
0x00007ff80d8f0000 - 0x00007ff80d8f8000 	C:\WINDOWS\System32\NSI.dll
0x00007ff805f80000 - 0x00007ff805f8a000 	C:\Windows\System32\rasadhlp.dll
0x00007ff808150000 - 0x00007ff8081cf000 	C:\WINDOWS\System32\fwpuclnt.dll
0x00007ff80d360000 - 0x00007ff80d387000 	C:\WINDOWS\System32\bcrypt.dll
0x00007ff800500000 - 0x00007ff800519000 	C:\Users\ukollu\.p2\pool\plugins\org.eclipse.justj.openjdk.hotspot.jre.full.win32.x86_64_14.0.2.v20200815-0932\jre\bin\net.dll
0x00007ff807970000 - 0x00007ff807a70000 	C:\WINDOWS\SYSTEM32\WINHTTP.dll
0x00007ff8003d0000 - 0x00007ff8003e2000 	C:\Users\ukollu\.p2\pool\plugins\org.eclipse.justj.openjdk.hotspot.jre.full.win32.x86_64_14.0.2.v20200815-0932\jre\bin\nio.dll
0x00007ff80c400000 - 0x00007ff80c418000 	C:\WINDOWS\SYSTEM32\CRYPTSP.dll
0x00007ff80bbc0000 - 0x00007ff80bbf4000 	C:\WINDOWS\system32\rsaenh.dll
0x00007ff80c990000 - 0x00007ff80c9be000 	C:\WINDOWS\SYSTEM32\USERENV.dll
0x00007ff80c3f0000 - 0x00007ff80c3fc000 	C:\WINDOWS\SYSTEM32\CRYPTBASE.dll
0x00007ff807e30000 - 0x00007ff807e47000 	C:\WINDOWS\SYSTEM32\dhcpcsvc6.DLL
0x00007ff807a70000 - 0x00007ff807a8d000 	C:\WINDOWS\SYSTEM32\dhcpcsvc.DLL
0x00007ff800880000 - 0x00007ff80088e000 	C:\Users\ukollu\.p2\pool\plugins\org.eclipse.justj.openjdk.hotspot.jre.full.win32.x86_64_14.0.2.v20200815-0932\jre\bin\sunmscapi.dll
0x00007ff80d200000 - 0x00007ff80d356000 	C:\WINDOWS\System32\CRYPT32.dll
0x00007ff80c510000 - 0x00007ff80c537000 	C:\WINDOWS\SYSTEM32\ncrypt.dll
0x00007ff80c4d0000 - 0x00007ff80c50b000 	C:\WINDOWS\SYSTEM32\NTASN1.dll
0x00007ff800230000 - 0x00007ff800255000 	C:\Users\ukollu\.p2\pool\plugins\org.eclipse.justj.openjdk.hotspot.jre.full.win32.x86_64_14.0.2.v20200815-0932\jre\bin\sunec.dll
0x00007ff8004f0000 - 0x00007ff800500000 	C:\Users\ukollu\.p2\pool\plugins\org.eclipse.justj.openjdk.hotspot.jre.full.win32.x86_64_14.0.2.v20200815-0932\jre\bin\verify.dll

dbghelp: loaded successfully - version: 4.0.5 - missing functions: none
symbol engine: initialized successfully - sym options: 0x614 - pdb path: .;C:\Users\ukollu\.p2\pool\plugins\org.eclipse.justj.openjdk.hotspot.jre.full.win32.x86_64_14.0.2.v20200815-0932\jre\bin;C:\WINDOWS\SYSTEM32;C:\WINDOWS\WinSxS\amd64_microsoft.windows.common-controls_6595b64144ccf1df_6.0.19041.746_none_ca02b4b61b8320a4;C:\Users\ukollu\.p2\pool\plugins\org.eclipse.justj.openjdk.hotspot.jre.full.win32.x86_64_14.0.2.v20200815-0932\jre\bin\server

VM Arguments:
jvm_args: -XX:+ShowCodeDetailsInExceptionMessages -agentlib:jdwp=transport=dt_socket,suspend=y,address=localhost:55348 -ea -Dfile.encoding=Cp1252 
java_command: org.testng.remote.RemoteTestNG -serport 55347 -protocol json -d C:\Users\ukollu\eclipse-workspace\i4_FrontDesk\test-output C:\Users\ukollu\AppData\Local\Temp\testng-eclipse-612004089\testng-customsuite.xml
java_class_path (initial): C:\Users\ukollu\eclipse\java-2020-09\eclipse\configuration\org.eclipse.osgi\431\0\.cp\lib\testng-remote.jar;C:\Users\ukollu\eclipse-workspace\i4_FrontDesk\target\test-classes;C:\Users\ukollu\eclipse-workspace\i4_FrontDesk\target\classes;C:\Users\ukollu\.m2\repository\junit\junit\3.8.1\junit-3.8.1.jar;C:\Users\ukollu\.p2\pool\plugins\org.testng_7.3.0.r202008060316.jar;C:\Users\ukollu\.p2\pool\plugins\com.beust.jcommander_1.78.0.jar;C:\Users\ukollu\.p2\pool\plugins\org.apache-extras.beanshell.bsh_2.0.0.b6.jar;C:\Users\ukollu\.p2\pool\plugins\org.yaml.snakeyaml_1.21.0.jar;C:\Users\ukollu\eclipse-workspace\i4_FrontDesk\src\main\java\Selenium\byte-buddy-1.8.15.jar;C:\Users\ukollu\eclipse-workspace\i4_FrontDesk\src\main\java\Selenium\client-combined-3.141.59.jar;C:\Users\ukollu\eclipse-workspace\i4_FrontDesk\src\main\java\Selenium\client-combined-3.141.59-sources.jar;C:\Users\ukollu\eclipse-workspace\i4_FrontDesk\src\main\java\Selenium\commons-exec-1.3.jar;C:\Users\ukollu\eclipse-workspace\i4_FrontDesk\src\main\java\Selenium\guava-25.0-jre.jar;C:\Users\ukollu\eclipse-workspace\i4_FrontDesk\src\main\java\Selenium\okhttp-3.11.0.jar;C:\Users\ukollu\eclipse-workspace\i4_FrontDesk\src\main\java\Selenium\okio-1.14.0.jar;C:\Users\ukollu\eclipse-workspace\i4_FrontDesk\src\main\java\Selenium\selenium-server-standalone-3.141.59.jar;C:\Users\ukollu\.m2\repository\org\testng\testng\7.3.0\testng-7.3.0.jar;C:\Users\ukollu\.m2\repository\com\beust\jcommander\1.78\jcommander-1.78.jar;C:\Users\ukollu\.m2\repository\org\apache\ant\ant\1.10.3\ant-1.10.3.jar;C:\Users\ukollu\.m2\repository\org\apache\ant\ant-launcher\1.10.3\ant-launcher-1.10.3.jar;C:\Users\ukollu\.m2\repository\com\google\inject\guice\4.2.2\guice-4.2.2-no_aop.jar;C:\Users\ukollu\.m2\repository\javax\inject\javax.inject\1\javax.inject-1.jar;C:\Users\ukollu\.m2\repository\aopalliance\aopalliance\1.0\aopalliance-1.0.jar;C:\Users\ukollu\.m2\repository\org\yaml\snakeyaml\1.21\snakeyaml-1.21.jar;C:\User
Launcher Type: SUN_STANDARD

[Global flags]
     intx CICompilerCount                          = 2                                         {product} {ergonomic}
     uint ConcGCThreads                            = 1                                         {product} {ergonomic}
     uint G1ConcRefinementThreads                  = 2                                         {product} {ergonomic}
   size_t G1HeapRegionSize                         = 1048576                                   {product} {ergonomic}
    uintx GCDrainStackTargetSize                   = 64                                        {product} {ergonomic}
   size_t InitialHeapSize                          = 134217728                                 {product} {ergonomic}
   size_t MarkStackSize                            = 4194304                                   {product} {ergonomic}
   size_t MaxHeapSize                              = 2147483648                                {product} {ergonomic}
   size_t MaxNewSize                               = 1287651328                                {product} {ergonomic}
   size_t MinHeapDeltaBytes                        = 1048576                                   {product} {ergonomic}
   size_t MinHeapSize                              = 8388608                                   {product} {ergonomic}
    uintx NonNMethodCodeHeapSize                   = 5826188                                {pd product} {ergonomic}
    uintx NonProfiledCodeHeapSize                  = 122916026                              {pd product} {ergonomic}
    uintx ProfiledCodeHeapSize                     = 122916026                              {pd product} {ergonomic}
    uintx ReservedCodeCacheSize                    = 251658240                              {pd product} {ergonomic}
     bool SegmentedCodeCache                       = true                                      {product} {ergonomic}
     bool ShowCodeDetailsInExceptionMessages       = true                                   {manageable} {command line}
   size_t SoftMaxHeapSize                          = 2147483648                             {manageable} {ergonomic}
     bool UseCompressedClassPointers               = true                                 {lp64_product} {ergonomic}
     bool UseCompressedOops                        = true                                 {lp64_product} {ergonomic}
     bool UseG1GC                                  = true                                      {product} {ergonomic}
     bool UseLargePagesIndividualAllocation        = false                                  {pd product} {ergonomic}

Logging:
Log output configuration:
 #0: stdout all=warning uptime,level,tags
 #1: stderr all=off uptime,level,tags

Environment Variables:
JAVA_HOME=C:\Program Files\Java\jdk-15
PATH=C:\Users\ukollu\.p2\pool\plugins\org.eclipse.justj.openjdk.hotspot.jre.full.win32.x86_64_14.0.2.v20200815-0932\jre\bin;C:/Users/ukollu/.p2/pool/plugins/org.eclipse.justj.openjdk.hotspot.jre.full.win32.x86_64_15.0.1.v20201027-0507/jre/bin/server;C:/Users/ukollu/.p2/pool/plugins/org.eclipse.justj.openjdk.hotspot.jre.full.win32.x86_64_15.0.1.v20201027-0507/jre/bin;C:\Program Files (x86)\Common Files\Oracle\Java\javapath;C:\Program Files\Common Files\Oracle\Java\javapath;C:\WINDOWS\system32;C:\WINDOWS;C:\WINDOWS\System32\Wbem;C:\WINDOWS\System32\WindowsPowerShell\v1.0\;C:\WINDOWS\System32\OpenSSH\;C:\Users\ukollu\AppData\Local\Microsoft\WindowsApps;C:\Users\ukollu\AppData\Local\GitHubDesktop\bin;C:\WINDOWS\system32;
USERNAME=ukollu
OS=Windows_NT
PROCESSOR_IDENTIFIER=Intel64 Family 6 Model 85 Stepping 4, GenuineIntel



---------------  S Y S T E M  ---------------

OS: Windows 10 , 64 bit Build 19041 (10.0.19041.662)
OS uptime: 5 days 19:10 hours
VMWare virtualization detected

CPU:total 2 (initial active 2) (2 cores per cpu, 1 threads per core) family 6 model 85 stepping 4, cmov, cx8, fxsr, mmx, sse, sse2, sse3, ssse3, sse4.1, sse4.2, popcnt, avx, avx2, aes, clmul, erms, rtm, 3dnowpref, lzcnt, tsc, tscinvbit, bmi1, bmi2, adx, fma

Memory: 4k page, system-wide physical 8190M (2999M free)
TotalPageFile size 11453M (AvailPageFile size 1705M)
current process WorkingSet (physical memory assigned to process): 95M, peak: 98M
current process commit charge ("private bytes"): 123M, peak: 222M

vm_info: OpenJDK 64-Bit Server VM (14.0.2+12-46) for windows-amd64 JRE (14.0.2+12-46), built on Jul  9 2020 00:31:16 by "mach5one" with MS VC++ 15.9 (VS2017)

END.
